2024-04-12 08:44:08 [main] INFO  c.g.p.m.PatchManagerApplication - Starting PatchManagerApplication using Java 1.8.0_341 on yaoyedeMacBook-Pro.local with PID 57072 (/Users/yaoye/诚通私库/patch-manager/target/classes started by yaoye in /Users/yaoye/诚通私库/patch-manager)
2024-04-12 08:44:08 [main] INFO  c.g.p.m.PatchManagerApplication - The following 1 profile is active: "dev"
2024-04-12 08:44:09 [main] INFO  o.s.b.w.e.tomcat.TomcatWebServer - Tomcat initialized with port(s): 8080 (http)
2024-04-12 08:44:09 [main] INFO  o.a.coyote.http11.Http11NioProtocol - Initializing ProtocolHandler ["http-nio-8080"]
2024-04-12 08:44:09 [main] INFO  o.a.catalina.core.StandardService - Starting service [Tomcat]
2024-04-12 08:44:09 [main] INFO  o.a.catalina.core.StandardEngine - Starting Servlet engine: [Apache Tomcat/9.0.83]
2024-04-12 08:44:09 [main] INFO  o.a.c.c.C.[Tomcat].[localhost].[/] - Initializing Spring embedded WebApplicationContext
2024-04-12 08:44:09 [main] INFO  o.s.b.w.s.c.ServletWebServerApplicationContext - Root WebApplicationContext: initialization completed in 1351 ms
2024-04-12 08:44:10 [main] INFO  o.a.coyote.http11.Http11NioProtocol - Starting ProtocolHandler ["http-nio-8080"]
2024-04-12 08:44:10 [main] INFO  o.s.b.w.e.tomcat.TomcatWebServer - Tomcat started on port(s): 8080 (http) with context path ''
2024-04-12 08:44:10 [main] INFO  c.g.p.m.PatchManagerApplication - Started PatchManagerApplication in 3.275 seconds (JVM running for 4.288)
2024-04-12 08:57:16 [main] INFO  c.g.p.m.PatchManagerApplication - Starting PatchManagerApplication using Java 1.8.0_341 on yaoyedeMacBook-Pro.local with PID 59428 (/Users/yaoye/诚通私库/patch-manager/target/classes started by yaoye in /Users/yaoye/诚通私库/patch-manager)
2024-04-12 08:57:16 [main] INFO  c.g.p.m.PatchManagerApplication - The following 1 profile is active: "dev"
2024-04-12 08:57:18 [main] INFO  o.s.b.w.e.tomcat.TomcatWebServer - Tomcat initialized with port(s): 8080 (http)
2024-04-12 08:57:18 [main] INFO  o.a.coyote.http11.Http11NioProtocol - Initializing ProtocolHandler ["http-nio-8080"]
2024-04-12 08:57:18 [main] INFO  o.a.catalina.core.StandardService - Starting service [Tomcat]
2024-04-12 08:57:18 [main] INFO  o.a.catalina.core.StandardEngine - Starting Servlet engine: [Apache Tomcat/9.0.83]
2024-04-12 08:57:18 [main] INFO  o.a.c.c.C.[Tomcat].[localhost].[/] - Initializing Spring embedded WebApplicationContext
2024-04-12 08:57:18 [main] INFO  o.s.b.w.s.c.ServletWebServerApplicationContext - Root WebApplicationContext: initialization completed in 1365 ms
2024-04-12 08:57:19 [main] INFO  o.a.coyote.http11.Http11NioProtocol - Starting ProtocolHandler ["http-nio-8080"]
2024-04-12 08:57:19 [main] INFO  o.s.b.w.e.tomcat.TomcatWebServer - Tomcat started on port(s): 8080 (http) with context path ''
2024-04-12 08:57:19 [main] INFO  c.g.p.m.PatchManagerApplication - Started PatchManagerApplication in 3.074 seconds (JVM running for 3.758)
2024-04-12 09:40:27 [main] INFO  c.g.p.m.PatchManagerApplication - Starting PatchManagerApplication using Java 1.8.0_341 on yaoyedeMacBook-Pro.local with PID 66939 (/Users/yaoye/诚通私库/patch-manager/target/classes started by yaoye in /Users/yaoye/诚通私库/patch-manager)
2024-04-12 09:40:27 [main] INFO  c.g.p.m.PatchManagerApplication - The following 1 profile is active: "dev"
2024-04-12 09:40:28 [main] INFO  o.s.b.w.e.tomcat.TomcatWebServer - Tomcat initialized with port(s): 8090 (http)
2024-04-12 09:40:28 [main] INFO  o.a.coyote.http11.Http11NioProtocol - Initializing ProtocolHandler ["http-nio-8090"]
2024-04-12 09:40:28 [main] INFO  o.a.catalina.core.StandardService - Starting service [Tomcat]
2024-04-12 09:40:28 [main] INFO  o.a.catalina.core.StandardEngine - Starting Servlet engine: [Apache Tomcat/9.0.83]
2024-04-12 09:40:28 [main] INFO  o.a.c.c.C.[Tomcat].[localhost].[/] - Initializing Spring embedded WebApplicationContext
2024-04-12 09:40:28 [main] INFO  o.s.b.w.s.c.ServletWebServerApplicationContext - Root WebApplicationContext: initialization completed in 1268 ms
2024-04-12 09:40:29 [main] INFO  o.a.coyote.http11.Http11NioProtocol - Starting ProtocolHandler ["http-nio-8090"]
2024-04-12 09:40:29 [main] INFO  o.a.coyote.http11.Http11NioProtocol - Pausing ProtocolHandler ["http-nio-8090"]
2024-04-12 09:40:29 [main] INFO  o.a.catalina.core.StandardService - Stopping service [Tomcat]
2024-04-12 09:40:29 [main] INFO  o.a.coyote.http11.Http11NioProtocol - Stopping ProtocolHandler ["http-nio-8090"]
2024-04-12 09:40:29 [main] INFO  o.a.coyote.http11.Http11NioProtocol - Destroying ProtocolHandler ["http-nio-8090"]
2024-04-12 09:40:29 [main] INFO  o.s.b.a.l.ConditionEvaluationReportLoggingListener - 

Error starting ApplicationContext. To display the conditions report re-run your application with 'debug' enabled.
2024-04-12 09:43:52 [main] INFO  c.g.p.m.PatchManagerApplication - Starting PatchManagerApplication using Java 1.8.0_341 on yaoyedeMacBook-Pro.local with PID 67545 (/Users/yaoye/诚通私库/patch-manager/target/classes started by yaoye in /Users/yaoye/诚通私库/patch-manager)
2024-04-12 09:43:52 [main] INFO  c.g.p.m.PatchManagerApplication - The following 1 profile is active: "dev"
2024-04-12 09:43:54 [main] INFO  o.s.b.w.e.tomcat.TomcatWebServer - Tomcat initialized with port(s): 8090 (http)
2024-04-12 09:43:54 [main] INFO  o.a.coyote.http11.Http11NioProtocol - Initializing ProtocolHandler ["http-nio-8090"]
2024-04-12 09:43:54 [main] INFO  o.a.catalina.core.StandardService - Starting service [Tomcat]
2024-04-12 09:43:54 [main] INFO  o.a.catalina.core.StandardEngine - Starting Servlet engine: [Apache Tomcat/9.0.83]
2024-04-12 09:43:54 [main] INFO  o.a.c.c.C.[Tomcat].[localhost].[/] - Initializing Spring embedded WebApplicationContext
2024-04-12 09:43:54 [main] INFO  o.s.b.w.s.c.ServletWebServerApplicationContext - Root WebApplicationContext: initialization completed in 1312 ms
2024-04-12 09:43:55 [main] INFO  o.a.coyote.http11.Http11NioProtocol - Starting ProtocolHandler ["http-nio-8090"]
2024-04-12 09:43:55 [main] INFO  o.a.coyote.http11.Http11NioProtocol - Pausing ProtocolHandler ["http-nio-8090"]
2024-04-12 09:43:55 [main] INFO  o.a.catalina.core.StandardService - Stopping service [Tomcat]
2024-04-12 09:43:55 [main] INFO  o.a.coyote.http11.Http11NioProtocol - Stopping ProtocolHandler ["http-nio-8090"]
2024-04-12 09:43:55 [main] INFO  o.a.coyote.http11.Http11NioProtocol - Destroying ProtocolHandler ["http-nio-8090"]
2024-04-12 09:43:55 [main] INFO  o.s.b.a.l.ConditionEvaluationReportLoggingListener - 

Error starting ApplicationContext. To display the conditions report re-run your application with 'debug' enabled.
2024-04-12 09:44:13 [main] INFO  c.g.p.m.PatchManagerApplication - Starting PatchManagerApplication using Java 1.8.0_341 on yaoyedeMacBook-Pro.local with PID 67610 (/Users/yaoye/诚通私库/patch-manager/target/classes started by yaoye in /Users/yaoye/诚通私库/patch-manager)
2024-04-12 09:44:13 [main] INFO  c.g.p.m.PatchManagerApplication - The following 1 profile is active: "dev"
2024-04-12 09:44:14 [main] INFO  o.s.b.w.e.tomcat.TomcatWebServer - Tomcat initialized with port(s): 8091 (http)
2024-04-12 09:44:14 [main] INFO  o.a.coyote.http11.Http11NioProtocol - Initializing ProtocolHandler ["http-nio-8091"]
2024-04-12 09:44:14 [main] INFO  o.a.catalina.core.StandardService - Starting service [Tomcat]
2024-04-12 09:44:14 [main] INFO  o.a.catalina.core.StandardEngine - Starting Servlet engine: [Apache Tomcat/9.0.83]
2024-04-12 09:44:14 [main] INFO  o.a.c.c.C.[Tomcat].[localhost].[/] - Initializing Spring embedded WebApplicationContext
2024-04-12 09:44:14 [main] INFO  o.s.b.w.s.c.ServletWebServerApplicationContext - Root WebApplicationContext: initialization completed in 1302 ms
2024-04-12 09:44:15 [main] INFO  o.a.coyote.http11.Http11NioProtocol - Starting ProtocolHandler ["http-nio-8091"]
2024-04-12 09:44:15 [main] INFO  o.s.b.w.e.tomcat.TomcatWebServer - Tomcat started on port(s): 8091 (http) with context path ''
2024-04-12 09:44:15 [main] INFO  c.g.p.m.PatchManagerApplication - Started PatchManagerApplication in 2.75 seconds (JVM running for 3.304)
2024-04-12 16:13:59 [main] INFO  c.g.p.m.PatchManagerApplication - Starting PatchManagerApplication using Java 1.8.0_341 on yaoyedeMacBook-Pro.local with PID 35482 (/Users/yaoye/诚通私库/patch-manager/target/classes started by yaoye in /Users/yaoye/诚通私库/patch-manager)
2024-04-12 16:13:59 [main] INFO  c.g.p.m.PatchManagerApplication - The following 1 profile is active: "dev"
2024-04-12 16:14:01 [main] INFO  o.s.b.w.e.tomcat.TomcatWebServer - Tomcat initialized with port(s): 8091 (http)
2024-04-12 16:14:01 [main] INFO  o.a.coyote.http11.Http11NioProtocol - Initializing ProtocolHandler ["http-nio-8091"]
2024-04-12 16:14:01 [main] INFO  o.a.catalina.core.StandardService - Starting service [Tomcat]
2024-04-12 16:14:01 [main] INFO  o.a.catalina.core.StandardEngine - Starting Servlet engine: [Apache Tomcat/9.0.83]
2024-04-12 16:14:01 [main] INFO  o.a.c.c.C.[Tomcat].[localhost].[/] - Initializing Spring embedded WebApplicationContext
2024-04-12 16:14:01 [main] INFO  o.s.b.w.s.c.ServletWebServerApplicationContext - Root WebApplicationContext: initialization completed in 1295 ms
2024-04-12 16:14:02 [main] INFO  o.a.coyote.http11.Http11NioProtocol - Starting ProtocolHandler ["http-nio-8091"]
2024-04-12 16:14:02 [main] INFO  o.s.b.w.e.tomcat.TomcatWebServer - Tomcat started on port(s): 8091 (http) with context path ''
2024-04-12 16:14:02 [main] INFO  c.g.p.m.PatchManagerApplication - Started PatchManagerApplication in 2.995 seconds (JVM running for 3.647)
2024-04-12 16:16:06 [http-nio-8091-exec-2] INFO  o.a.c.c.C.[Tomcat].[localhost].[/] - Initializing Spring DispatcherServlet 'dispatcherServlet'
2024-04-12 16:16:06 [http-nio-8091-exec-2] INFO  o.s.web.servlet.DispatcherServlet - Initializing Servlet 'dispatcherServlet'
2024-04-12 16:16:06 [http-nio-8091-exec-2] INFO  o.s.web.servlet.DispatcherServlet - Completed initialization in 3 ms
2024-04-12 16:35:28 [main] INFO  c.g.p.m.PatchManagerApplication - Starting PatchManagerApplication using Java 1.8.0_341 on yaoyedeMacBook-Pro.local with PID 39267 (/Users/yaoye/诚通私库/patch-manager/target/classes started by yaoye in /Users/yaoye/诚通私库/patch-manager)
2024-04-12 16:35:28 [main] INFO  c.g.p.m.PatchManagerApplication - The following 1 profile is active: "dev"
2024-04-12 16:35:30 [main] INFO  o.s.b.w.e.tomcat.TomcatWebServer - Tomcat initialized with port(s): 8091 (http)
2024-04-12 16:35:30 [main] INFO  o.a.coyote.http11.Http11NioProtocol - Initializing ProtocolHandler ["http-nio-8091"]
2024-04-12 16:35:30 [main] INFO  o.a.catalina.core.StandardService - Starting service [Tomcat]
2024-04-12 16:35:30 [main] INFO  o.a.catalina.core.StandardEngine - Starting Servlet engine: [Apache Tomcat/9.0.83]
2024-04-12 16:35:30 [main] INFO  o.a.c.c.C.[Tomcat].[localhost].[/] - Initializing Spring embedded WebApplicationContext
2024-04-12 16:35:30 [main] INFO  o.s.b.w.s.c.ServletWebServerApplicationContext - Root WebApplicationContext: initialization completed in 1342 ms
2024-04-12 16:35:31 [main] INFO  o.a.coyote.http11.Http11NioProtocol - Starting ProtocolHandler ["http-nio-8091"]
2024-04-12 16:35:31 [main] INFO  o.s.b.w.e.tomcat.TomcatWebServer - Tomcat started on port(s): 8091 (http) with context path ''
2024-04-12 16:35:31 [main] INFO  c.g.p.m.PatchManagerApplication - Started PatchManagerApplication in 3.152 seconds (JVM running for 3.728)
2024-04-12 16:36:10 [http-nio-8091-exec-1] INFO  o.a.c.c.C.[Tomcat].[localhost].[/] - Initializing Spring DispatcherServlet 'dispatcherServlet'
2024-04-12 16:36:10 [http-nio-8091-exec-1] INFO  o.s.web.servlet.DispatcherServlet - Initializing Servlet 'dispatcherServlet'
2024-04-12 16:36:10 [http-nio-8091-exec-1] INFO  o.s.web.servlet.DispatcherServlet - Completed initialization in 3 ms
2024-04-12 16:37:34 [main] INFO  c.g.p.m.PatchManagerApplication - Starting PatchManagerApplication using Java 1.8.0_341 on yaoyedeMacBook-Pro.local with PID 39662 (/Users/yaoye/诚通私库/patch-manager/target/classes started by yaoye in /Users/yaoye/诚通私库/patch-manager)
2024-04-12 16:37:34 [main] INFO  c.g.p.m.PatchManagerApplication - The following 1 profile is active: "dev"
2024-04-12 16:37:35 [main] INFO  o.s.b.w.e.tomcat.TomcatWebServer - Tomcat initialized with port(s): 8091 (http)
2024-04-12 16:37:35 [main] INFO  o.a.coyote.http11.Http11NioProtocol - Initializing ProtocolHandler ["http-nio-8091"]
2024-04-12 16:37:35 [main] INFO  o.a.catalina.core.StandardService - Starting service [Tomcat]
2024-04-12 16:37:35 [main] INFO  o.a.catalina.core.StandardEngine - Starting Servlet engine: [Apache Tomcat/9.0.83]
2024-04-12 16:37:35 [main] INFO  o.a.c.c.C.[Tomcat].[localhost].[/] - Initializing Spring embedded WebApplicationContext
2024-04-12 16:37:35 [main] INFO  o.s.b.w.s.c.ServletWebServerApplicationContext - Root WebApplicationContext: initialization completed in 1319 ms
2024-04-12 16:37:36 [main] INFO  o.a.coyote.http11.Http11NioProtocol - Starting ProtocolHandler ["http-nio-8091"]
2024-04-12 16:37:36 [main] INFO  o.s.b.w.e.tomcat.TomcatWebServer - Tomcat started on port(s): 8091 (http) with context path ''
2024-04-12 16:37:36 [main] INFO  c.g.p.m.PatchManagerApplication - Started PatchManagerApplication in 2.873 seconds (JVM running for 3.419)
2024-04-12 16:37:52 [http-nio-8091-exec-1] INFO  o.a.c.c.C.[Tomcat].[localhost].[/] - Initializing Spring DispatcherServlet 'dispatcherServlet'
2024-04-12 16:37:52 [http-nio-8091-exec-1] INFO  o.s.web.servlet.DispatcherServlet - Initializing Servlet 'dispatcherServlet'
2024-04-12 16:37:52 [http-nio-8091-exec-1] INFO  o.s.web.servlet.DispatcherServlet - Completed initialization in 3 ms
