2024-04-16 00:50:53 [main] INFO  c.g.p.m.PatchManagerApplication - Starting PatchManagerApplication using Java 1.8.0_341 on 192.168.0.104 with PID 32652 (/Users/yaoye/诚通私库/patch-manager/target/classes started by yaoye in /Users/yaoye/诚通私库/patch-manager)
2024-04-16 00:50:53 [main] INFO  c.g.p.m.PatchManagerApplication - The following 1 profile is active: "dev"
2024-04-16 00:50:54 [main] INFO  o.s.b.w.e.tomcat.TomcatWebServer - Tomcat initialized with port(s): 8091 (http)
2024-04-16 00:50:54 [main] INFO  o.a.coyote.http11.Http11NioProtocol - Initializing ProtocolHandler ["http-nio-8091"]
2024-04-16 00:50:54 [main] INFO  o.a.catalina.core.StandardService - Starting service [Tomcat]
2024-04-16 00:50:54 [main] INFO  o.a.catalina.core.StandardEngine - Starting Servlet engine: [Apache Tomcat/9.0.83]
2024-04-16 00:50:54 [main] INFO  o.a.c.c.C.[Tomcat].[localhost].[/] - Initializing Spring embedded WebApplicationContext
2024-04-16 00:50:54 [main] INFO  o.s.b.w.s.c.ServletWebServerApplicationContext - Root WebApplicationContext: initialization completed in 1445 ms
2024-04-16 00:50:55 [main] INFO  o.a.coyote.http11.Http11NioProtocol - Starting ProtocolHandler ["http-nio-8091"]
2024-04-16 00:50:55 [main] INFO  o.a.coyote.http11.Http11NioProtocol - Pausing ProtocolHandler ["http-nio-8091"]
2024-04-16 00:50:55 [main] INFO  o.a.catalina.core.StandardService - Stopping service [Tomcat]
2024-04-16 00:50:55 [main] INFO  o.a.coyote.http11.Http11NioProtocol - Stopping ProtocolHandler ["http-nio-8091"]
2024-04-16 00:50:55 [main] INFO  o.a.coyote.http11.Http11NioProtocol - Destroying ProtocolHandler ["http-nio-8091"]
2024-04-16 00:50:55 [main] INFO  o.s.b.a.l.ConditionEvaluationReportLoggingListener - 

Error starting ApplicationContext. To display the conditions report re-run your application with 'debug' enabled.
2024-04-16 00:55:48 [main] INFO  c.g.p.m.PatchManagerApplication - Starting PatchManagerApplication using Java 1.8.0_341 on 192.168.0.104 with PID 1405 (/Users/yaoye/诚通私库/patch-manager/target/classes started by yaoye in /Users/yaoye/诚通私库/patch-manager)
2024-04-16 00:55:48 [main] INFO  c.g.p.m.PatchManagerApplication - The following 1 profile is active: "dev"
2024-04-16 00:55:49 [main] INFO  o.s.b.w.e.tomcat.TomcatWebServer - Tomcat initialized with port(s): 8091 (http)
2024-04-16 00:55:49 [main] INFO  o.a.coyote.http11.Http11NioProtocol - Initializing ProtocolHandler ["http-nio-8091"]
2024-04-16 00:55:49 [main] INFO  o.a.catalina.core.StandardService - Starting service [Tomcat]
2024-04-16 00:55:49 [main] INFO  o.a.catalina.core.StandardEngine - Starting Servlet engine: [Apache Tomcat/9.0.83]
2024-04-16 00:55:49 [main] INFO  o.a.c.c.C.[Tomcat].[localhost].[/] - Initializing Spring embedded WebApplicationContext
2024-04-16 00:55:49 [main] INFO  o.s.b.w.s.c.ServletWebServerApplicationContext - Root WebApplicationContext: initialization completed in 1324 ms
2024-04-16 00:55:50 [main] INFO  o.a.coyote.http11.Http11NioProtocol - Starting ProtocolHandler ["http-nio-8091"]
2024-04-16 00:55:50 [main] INFO  o.s.b.w.e.tomcat.TomcatWebServer - Tomcat started on port(s): 8091 (http) with context path ''
2024-04-16 00:55:50 [main] INFO  c.g.p.m.PatchManagerApplication - Started PatchManagerApplication in 3.027 seconds (JVM running for 4.049)
2024-04-16 00:59:00 [main] INFO  c.g.p.m.PatchManagerApplication - Starting PatchManagerApplication using Java 1.8.0_341 on 192.168.0.104 with PID 2047 (/Users/yaoye/诚通私库/patch-manager/target/classes started by yaoye in /Users/yaoye/诚通私库/patch-manager)
2024-04-16 00:59:00 [main] INFO  c.g.p.m.PatchManagerApplication - The following 1 profile is active: "dev"
2024-04-16 00:59:02 [main] INFO  o.s.b.w.e.tomcat.TomcatWebServer - Tomcat initialized with port(s): 8091 (http)
2024-04-16 00:59:02 [main] INFO  o.a.coyote.http11.Http11NioProtocol - Initializing ProtocolHandler ["http-nio-8091"]
2024-04-16 00:59:02 [main] INFO  o.a.catalina.core.StandardService - Starting service [Tomcat]
2024-04-16 00:59:02 [main] INFO  o.a.catalina.core.StandardEngine - Starting Servlet engine: [Apache Tomcat/9.0.83]
2024-04-16 00:59:02 [main] INFO  o.a.c.c.C.[Tomcat].[localhost].[/] - Initializing Spring embedded WebApplicationContext
2024-04-16 00:59:02 [main] INFO  o.s.b.w.s.c.ServletWebServerApplicationContext - Root WebApplicationContext: initialization completed in 1346 ms
2024-04-16 00:59:03 [main] INFO  o.a.coyote.http11.Http11NioProtocol - Starting ProtocolHandler ["http-nio-8091"]
2024-04-16 00:59:03 [main] INFO  o.s.b.w.e.tomcat.TomcatWebServer - Tomcat started on port(s): 8091 (http) with context path ''
2024-04-16 00:59:03 [main] INFO  c.g.p.m.PatchManagerApplication - Started PatchManagerApplication in 3.231 seconds (JVM running for 3.882)
2024-04-16 00:59:40 [http-nio-8091-exec-1] INFO  o.a.c.c.C.[Tomcat].[localhost].[/] - Initializing Spring DispatcherServlet 'dispatcherServlet'
2024-04-16 00:59:40 [http-nio-8091-exec-1] INFO  o.s.web.servlet.DispatcherServlet - Initializing Servlet 'dispatcherServlet'
2024-04-16 00:59:40 [http-nio-8091-exec-1] INFO  o.s.web.servlet.DispatcherServlet - Completed initialization in 2 ms
2024-04-16 08:40:26 [main] INFO  c.g.p.m.PatchManagerApplication - Starting PatchManagerApplication using Java 1.8.0_341 on yaoyedeMacBook-Pro.local with PID 8882 (/Users/yaoye/诚通私库/patch-manager/target/classes started by yaoye in /Users/yaoye/诚通私库/patch-manager)
2024-04-16 08:40:26 [main] INFO  c.g.p.m.PatchManagerApplication - The following 1 profile is active: "dev"
2024-04-16 08:40:27 [main] INFO  o.s.b.w.e.tomcat.TomcatWebServer - Tomcat initialized with port(s): 8091 (http)
2024-04-16 08:40:27 [main] INFO  o.a.coyote.http11.Http11NioProtocol - Initializing ProtocolHandler ["http-nio-8091"]
2024-04-16 08:40:27 [main] INFO  o.a.catalina.core.StandardService - Starting service [Tomcat]
2024-04-16 08:40:27 [main] INFO  o.a.catalina.core.StandardEngine - Starting Servlet engine: [Apache Tomcat/9.0.83]
2024-04-16 08:40:28 [main] INFO  o.a.c.c.C.[Tomcat].[localhost].[/] - Initializing Spring embedded WebApplicationContext
2024-04-16 08:40:28 [main] INFO  o.s.b.w.s.c.ServletWebServerApplicationContext - Root WebApplicationContext: initialization completed in 1240 ms
2024-04-16 08:40:29 [main] INFO  o.a.coyote.http11.Http11NioProtocol - Starting ProtocolHandler ["http-nio-8091"]
2024-04-16 08:40:29 [main] INFO  o.s.b.w.e.tomcat.TomcatWebServer - Tomcat started on port(s): 8091 (http) with context path ''
2024-04-16 08:40:29 [main] INFO  c.g.p.m.PatchManagerApplication - Started PatchManagerApplication in 3.049 seconds (JVM running for 3.684)
2024-04-16 08:40:50 [http-nio-8091-exec-1] INFO  o.a.c.c.C.[Tomcat].[localhost].[/] - Initializing Spring DispatcherServlet 'dispatcherServlet'
2024-04-16 08:40:50 [http-nio-8091-exec-1] INFO  o.s.web.servlet.DispatcherServlet - Initializing Servlet 'dispatcherServlet'
2024-04-16 08:40:50 [http-nio-8091-exec-1] INFO  o.s.web.servlet.DispatcherServlet - Completed initialization in 3 ms
2024-04-16 08:47:47 [main] INFO  c.g.p.m.PatchManagerApplication - Starting PatchManagerApplication using Java 1.8.0_341 on yaoyedeMacBook-Pro.local with PID 10254 (/Users/yaoye/诚通私库/patch-manager/target/classes started by yaoye in /Users/yaoye/诚通私库/patch-manager)
2024-04-16 08:47:47 [main] INFO  c.g.p.m.PatchManagerApplication - The following 1 profile is active: "dev"
2024-04-16 08:47:48 [main] INFO  o.s.b.w.e.tomcat.TomcatWebServer - Tomcat initialized with port(s): 8091 (http)
2024-04-16 08:47:48 [main] INFO  o.a.coyote.http11.Http11NioProtocol - Initializing ProtocolHandler ["http-nio-8091"]
2024-04-16 08:47:48 [main] INFO  o.a.catalina.core.StandardService - Starting service [Tomcat]
2024-04-16 08:47:48 [main] INFO  o.a.catalina.core.StandardEngine - Starting Servlet engine: [Apache Tomcat/9.0.83]
2024-04-16 08:47:48 [main] INFO  o.a.c.c.C.[Tomcat].[localhost].[/] - Initializing Spring embedded WebApplicationContext
2024-04-16 08:47:48 [main] INFO  o.s.b.w.s.c.ServletWebServerApplicationContext - Root WebApplicationContext: initialization completed in 1367 ms
2024-04-16 08:47:49 [main] INFO  o.a.coyote.http11.Http11NioProtocol - Starting ProtocolHandler ["http-nio-8091"]
2024-04-16 08:47:49 [main] INFO  o.s.b.w.e.tomcat.TomcatWebServer - Tomcat started on port(s): 8091 (http) with context path ''
2024-04-16 08:47:49 [main] INFO  c.g.p.m.PatchManagerApplication - Started PatchManagerApplication in 3.105 seconds (JVM running for 3.711)
2024-04-16 08:48:17 [http-nio-8091-exec-2] INFO  o.a.c.c.C.[Tomcat].[localhost].[/] - Initializing Spring DispatcherServlet 'dispatcherServlet'
2024-04-16 08:48:17 [http-nio-8091-exec-2] INFO  o.s.web.servlet.DispatcherServlet - Initializing Servlet 'dispatcherServlet'
2024-04-16 08:48:17 [http-nio-8091-exec-2] INFO  o.s.web.servlet.DispatcherServlet - Completed initialization in 2 ms
2024-04-16 08:49:37 [main] INFO  c.g.p.m.PatchManagerApplication - Starting PatchManagerApplication using Java 1.8.0_341 on yaoyedeMacBook-Pro.local with PID 10682 (/Users/yaoye/诚通私库/patch-manager/target/classes started by yaoye in /Users/yaoye/诚通私库/patch-manager)
2024-04-16 08:49:37 [main] INFO  c.g.p.m.PatchManagerApplication - The following 1 profile is active: "dev"
2024-04-16 08:49:39 [main] INFO  o.s.b.w.e.tomcat.TomcatWebServer - Tomcat initialized with port(s): 8091 (http)
2024-04-16 08:49:39 [main] INFO  o.a.coyote.http11.Http11NioProtocol - Initializing ProtocolHandler ["http-nio-8091"]
2024-04-16 08:49:39 [main] INFO  o.a.catalina.core.StandardService - Starting service [Tomcat]
2024-04-16 08:49:39 [main] INFO  o.a.catalina.core.StandardEngine - Starting Servlet engine: [Apache Tomcat/9.0.83]
2024-04-16 08:49:39 [main] INFO  o.a.c.c.C.[Tomcat].[localhost].[/] - Initializing Spring embedded WebApplicationContext
2024-04-16 08:49:39 [main] INFO  o.s.b.w.s.c.ServletWebServerApplicationContext - Root WebApplicationContext: initialization completed in 1259 ms
2024-04-16 08:49:40 [main] INFO  o.a.coyote.http11.Http11NioProtocol - Starting ProtocolHandler ["http-nio-8091"]
2024-04-16 08:49:40 [main] INFO  o.s.b.w.e.tomcat.TomcatWebServer - Tomcat started on port(s): 8091 (http) with context path ''
2024-04-16 08:49:40 [main] INFO  c.g.p.m.PatchManagerApplication - Started PatchManagerApplication in 3.012 seconds (JVM running for 3.697)
2024-04-16 08:50:01 [http-nio-8091-exec-2] INFO  o.a.c.c.C.[Tomcat].[localhost].[/] - Initializing Spring DispatcherServlet 'dispatcherServlet'
2024-04-16 08:50:01 [http-nio-8091-exec-2] INFO  o.s.web.servlet.DispatcherServlet - Initializing Servlet 'dispatcherServlet'
2024-04-16 08:50:01 [http-nio-8091-exec-2] INFO  o.s.web.servlet.DispatcherServlet - Completed initialization in 2 ms
2024-04-16 09:29:38 [main] INFO  c.g.p.m.PatchManagerApplication - Starting PatchManagerApplication using Java 1.8.0_341 on yaoyedeMacBook-Pro.local with PID 19801 (/Users/yaoye/诚通私库/patch-manager/target/classes started by yaoye in /Users/yaoye/诚通私库/patch-manager)
2024-04-16 09:29:38 [main] INFO  c.g.p.m.PatchManagerApplication - The following 1 profile is active: "dev"
2024-04-16 09:29:40 [main] INFO  o.s.b.w.e.tomcat.TomcatWebServer - Tomcat initialized with port(s): 8091 (http)
2024-04-16 09:29:40 [main] INFO  o.a.coyote.http11.Http11NioProtocol - Initializing ProtocolHandler ["http-nio-8091"]
2024-04-16 09:29:40 [main] INFO  o.a.catalina.core.StandardService - Starting service [Tomcat]
2024-04-16 09:29:40 [main] INFO  o.a.catalina.core.StandardEngine - Starting Servlet engine: [Apache Tomcat/9.0.83]
2024-04-16 09:29:40 [main] INFO  o.a.c.c.C.[Tomcat].[localhost].[/] - Initializing Spring embedded WebApplicationContext
2024-04-16 09:29:40 [main] INFO  o.s.b.w.s.c.ServletWebServerApplicationContext - Root WebApplicationContext: initialization completed in 1306 ms
2024-04-16 09:29:41 [main] INFO  o.a.coyote.http11.Http11NioProtocol - Starting ProtocolHandler ["http-nio-8091"]
2024-04-16 09:29:41 [main] INFO  o.s.b.w.e.tomcat.TomcatWebServer - Tomcat started on port(s): 8091 (http) with context path ''
2024-04-16 09:29:41 [main] INFO  c.g.p.m.PatchManagerApplication - Started PatchManagerApplication in 2.989 seconds (JVM running for 3.677)
2024-04-16 09:29:48 [http-nio-8091-exec-2] INFO  o.a.c.c.C.[Tomcat].[localhost].[/] - Initializing Spring DispatcherServlet 'dispatcherServlet'
2024-04-16 09:29:48 [http-nio-8091-exec-2] INFO  o.s.web.servlet.DispatcherServlet - Initializing Servlet 'dispatcherServlet'
2024-04-16 09:29:48 [http-nio-8091-exec-2] INFO  o.s.web.servlet.DispatcherServlet - Completed initialization in 2 ms
2024-04-16 09:31:24 [main] INFO  c.g.p.m.PatchManagerApplication - Starting PatchManagerApplication using Java 1.8.0_341 on yaoyedeMacBook-Pro.local with PID 20143 (/Users/yaoye/诚通私库/patch-manager/target/classes started by yaoye in /Users/yaoye/诚通私库/patch-manager)
2024-04-16 09:31:24 [main] INFO  c.g.p.m.PatchManagerApplication - The following 1 profile is active: "dev"
2024-04-16 09:31:25 [main] INFO  o.s.b.w.e.tomcat.TomcatWebServer - Tomcat initialized with port(s): 8091 (http)
2024-04-16 09:31:25 [main] INFO  o.a.coyote.http11.Http11NioProtocol - Initializing ProtocolHandler ["http-nio-8091"]
2024-04-16 09:31:25 [main] INFO  o.a.catalina.core.StandardService - Starting service [Tomcat]
2024-04-16 09:31:25 [main] INFO  o.a.catalina.core.StandardEngine - Starting Servlet engine: [Apache Tomcat/9.0.83]
2024-04-16 09:31:25 [main] INFO  o.a.c.c.C.[Tomcat].[localhost].[/] - Initializing Spring embedded WebApplicationContext
2024-04-16 09:31:25 [main] INFO  o.s.b.w.s.c.ServletWebServerApplicationContext - Root WebApplicationContext: initialization completed in 1263 ms
2024-04-16 09:31:26 [main] INFO  o.a.coyote.http11.Http11NioProtocol - Starting ProtocolHandler ["http-nio-8091"]
2024-04-16 09:31:26 [main] INFO  o.s.b.w.e.tomcat.TomcatWebServer - Tomcat started on port(s): 8091 (http) with context path ''
2024-04-16 09:31:26 [main] INFO  c.g.p.m.PatchManagerApplication - Started PatchManagerApplication in 2.943 seconds (JVM running for 3.538)
2024-04-16 09:31:30 [http-nio-8091-exec-1] INFO  o.a.c.c.C.[Tomcat].[localhost].[/] - Initializing Spring DispatcherServlet 'dispatcherServlet'
2024-04-16 09:31:30 [http-nio-8091-exec-1] INFO  o.s.web.servlet.DispatcherServlet - Initializing Servlet 'dispatcherServlet'
2024-04-16 09:31:30 [http-nio-8091-exec-1] INFO  o.s.web.servlet.DispatcherServlet - Completed initialization in 2 ms
2024-04-16 09:33:14 [main] INFO  c.g.p.m.PatchManagerApplication - Starting PatchManagerApplication using Java 1.8.0_341 on yaoyedeMacBook-Pro.local with PID 20506 (/Users/yaoye/诚通私库/patch-manager/target/classes started by yaoye in /Users/yaoye/诚通私库/patch-manager)
2024-04-16 09:33:14 [main] INFO  c.g.p.m.PatchManagerApplication - The following 1 profile is active: "dev"
2024-04-16 09:33:15 [main] INFO  o.s.b.w.e.tomcat.TomcatWebServer - Tomcat initialized with port(s): 8091 (http)
2024-04-16 09:33:15 [main] INFO  o.a.coyote.http11.Http11NioProtocol - Initializing ProtocolHandler ["http-nio-8091"]
2024-04-16 09:33:15 [main] INFO  o.a.catalina.core.StandardService - Starting service [Tomcat]
2024-04-16 09:33:15 [main] INFO  o.a.catalina.core.StandardEngine - Starting Servlet engine: [Apache Tomcat/9.0.83]
2024-04-16 09:33:16 [main] INFO  o.a.c.c.C.[Tomcat].[localhost].[/] - Initializing Spring embedded WebApplicationContext
2024-04-16 09:33:16 [main] INFO  o.s.b.w.s.c.ServletWebServerApplicationContext - Root WebApplicationContext: initialization completed in 1259 ms
2024-04-16 09:33:17 [main] INFO  o.a.coyote.http11.Http11NioProtocol - Starting ProtocolHandler ["http-nio-8091"]
2024-04-16 09:33:17 [main] INFO  o.s.b.w.e.tomcat.TomcatWebServer - Tomcat started on port(s): 8091 (http) with context path ''
2024-04-16 09:33:17 [main] INFO  c.g.p.m.PatchManagerApplication - Started PatchManagerApplication in 3.006 seconds (JVM running for 3.547)
2024-04-16 09:33:21 [http-nio-8091-exec-1] INFO  o.a.c.c.C.[Tomcat].[localhost].[/] - Initializing Spring DispatcherServlet 'dispatcherServlet'
2024-04-16 09:33:21 [http-nio-8091-exec-1] INFO  o.s.web.servlet.DispatcherServlet - Initializing Servlet 'dispatcherServlet'
2024-04-16 09:33:21 [http-nio-8091-exec-1] INFO  o.s.web.servlet.DispatcherServlet - Completed initialization in 2 ms
2024-04-16 09:41:21 [main] INFO  c.g.p.m.PatchManagerApplication - Starting PatchManagerApplication using Java 1.8.0_341 on yaoyedeMacBook-Pro.local with PID 21990 (/Users/yaoye/诚通私库/patch-manager/target/classes started by yaoye in /Users/yaoye/诚通私库/patch-manager)
2024-04-16 09:41:21 [main] INFO  c.g.p.m.PatchManagerApplication - The following 1 profile is active: "dev"
2024-04-16 09:41:22 [main] INFO  o.s.b.w.e.tomcat.TomcatWebServer - Tomcat initialized with port(s): 8091 (http)
2024-04-16 09:41:22 [main] INFO  o.a.coyote.http11.Http11NioProtocol - Initializing ProtocolHandler ["http-nio-8091"]
2024-04-16 09:41:22 [main] INFO  o.a.catalina.core.StandardService - Starting service [Tomcat]
2024-04-16 09:41:22 [main] INFO  o.a.catalina.core.StandardEngine - Starting Servlet engine: [Apache Tomcat/9.0.83]
2024-04-16 09:41:23 [main] INFO  o.a.c.c.C.[Tomcat].[localhost].[/] - Initializing Spring embedded WebApplicationContext
2024-04-16 09:41:23 [main] INFO  o.s.b.w.s.c.ServletWebServerApplicationContext - Root WebApplicationContext: initialization completed in 1376 ms
2024-04-16 09:41:24 [main] INFO  o.a.coyote.http11.Http11NioProtocol - Starting ProtocolHandler ["http-nio-8091"]
2024-04-16 09:41:24 [main] INFO  o.s.b.w.e.tomcat.TomcatWebServer - Tomcat started on port(s): 8091 (http) with context path ''
2024-04-16 09:41:24 [main] INFO  c.g.p.m.PatchManagerApplication - Started PatchManagerApplication in 3.026 seconds (JVM running for 3.676)
2024-04-16 09:41:40 [http-nio-8091-exec-2] INFO  o.a.c.c.C.[Tomcat].[localhost].[/] - Initializing Spring DispatcherServlet 'dispatcherServlet'
2024-04-16 09:41:40 [http-nio-8091-exec-2] INFO  o.s.web.servlet.DispatcherServlet - Initializing Servlet 'dispatcherServlet'
2024-04-16 09:41:40 [http-nio-8091-exec-2] INFO  o.s.web.servlet.DispatcherServlet - Completed initialization in 3 ms
2024-04-16 09:42:33 [main] INFO  c.g.p.m.PatchManagerApplication - Starting PatchManagerApplication using Java 1.8.0_341 on yaoyedeMacBook-Pro.local with PID 22245 (/Users/yaoye/诚通私库/patch-manager/target/classes started by yaoye in /Users/yaoye/诚通私库/patch-manager)
2024-04-16 09:42:33 [main] INFO  c.g.p.m.PatchManagerApplication - The following 1 profile is active: "dev"
2024-04-16 09:42:34 [main] INFO  o.s.b.w.e.tomcat.TomcatWebServer - Tomcat initialized with port(s): 8091 (http)
2024-04-16 09:42:34 [main] INFO  o.a.coyote.http11.Http11NioProtocol - Initializing ProtocolHandler ["http-nio-8091"]
2024-04-16 09:42:34 [main] INFO  o.a.catalina.core.StandardService - Starting service [Tomcat]
2024-04-16 09:42:34 [main] INFO  o.a.catalina.core.StandardEngine - Starting Servlet engine: [Apache Tomcat/9.0.83]
2024-04-16 09:42:35 [main] INFO  o.a.c.c.C.[Tomcat].[localhost].[/] - Initializing Spring embedded WebApplicationContext
2024-04-16 09:42:35 [main] INFO  o.s.b.w.s.c.ServletWebServerApplicationContext - Root WebApplicationContext: initialization completed in 1270 ms
2024-04-16 09:42:36 [main] INFO  o.a.coyote.http11.Http11NioProtocol - Starting ProtocolHandler ["http-nio-8091"]
2024-04-16 09:42:36 [main] INFO  o.s.b.w.e.tomcat.TomcatWebServer - Tomcat started on port(s): 8091 (http) with context path ''
2024-04-16 09:42:36 [main] INFO  c.g.p.m.PatchManagerApplication - Started PatchManagerApplication in 3.008 seconds (JVM running for 3.709)
2024-04-16 09:42:41 [http-nio-8091-exec-2] INFO  o.a.c.c.C.[Tomcat].[localhost].[/] - Initializing Spring DispatcherServlet 'dispatcherServlet'
2024-04-16 09:42:41 [http-nio-8091-exec-2] INFO  o.s.web.servlet.DispatcherServlet - Initializing Servlet 'dispatcherServlet'
2024-04-16 09:42:41 [http-nio-8091-exec-2] INFO  o.s.web.servlet.DispatcherServlet - Completed initialization in 3 ms
2024-04-16 09:47:29 [main] INFO  c.g.p.m.PatchManagerApplication - Starting PatchManagerApplication using Java 1.8.0_341 on yaoyedeMacBook-Pro.local with PID 23193 (/Users/yaoye/诚通私库/patch-manager/target/classes started by yaoye in /Users/yaoye/诚通私库/patch-manager)
2024-04-16 09:47:29 [main] INFO  c.g.p.m.PatchManagerApplication - The following 1 profile is active: "dev"
2024-04-16 09:47:30 [main] INFO  o.s.b.w.e.tomcat.TomcatWebServer - Tomcat initialized with port(s): 8091 (http)
2024-04-16 09:47:30 [main] INFO  o.a.coyote.http11.Http11NioProtocol - Initializing ProtocolHandler ["http-nio-8091"]
2024-04-16 09:47:30 [main] INFO  o.a.catalina.core.StandardService - Starting service [Tomcat]
2024-04-16 09:47:30 [main] INFO  o.a.catalina.core.StandardEngine - Starting Servlet engine: [Apache Tomcat/9.0.83]
2024-04-16 09:47:30 [main] INFO  o.a.c.c.C.[Tomcat].[localhost].[/] - Initializing Spring embedded WebApplicationContext
2024-04-16 09:47:30 [main] INFO  o.s.b.w.s.c.ServletWebServerApplicationContext - Root WebApplicationContext: initialization completed in 1304 ms
2024-04-16 09:47:30 [main] INFO  o.a.catalina.core.StandardService - Stopping service [Tomcat]
2024-04-16 09:47:30 [main] INFO  o.s.b.a.l.ConditionEvaluationReportLoggingListener - 

Error starting ApplicationContext. To display the conditions report re-run your application with 'debug' enabled.
2024-04-16 10:07:43 [main] INFO  c.g.p.m.PatchManagerApplication - Starting PatchManagerApplication using Java 1.8.0_341 on yaoyedeMacBook-Pro.local with PID 27100 (/Users/yaoye/诚通私库/patch-manager/target/classes started by yaoye in /Users/yaoye/诚通私库/patch-manager)
2024-04-16 10:07:43 [main] INFO  c.g.p.m.PatchManagerApplication - The following 1 profile is active: "dev"
2024-04-16 10:07:45 [main] INFO  o.s.b.w.e.tomcat.TomcatWebServer - Tomcat initialized with port(s): 8091 (http)
2024-04-16 10:07:45 [main] INFO  o.a.coyote.http11.Http11NioProtocol - Initializing ProtocolHandler ["http-nio-8091"]
2024-04-16 10:07:45 [main] INFO  o.a.catalina.core.StandardService - Starting service [Tomcat]
2024-04-16 10:07:45 [main] INFO  o.a.catalina.core.StandardEngine - Starting Servlet engine: [Apache Tomcat/9.0.83]
2024-04-16 10:07:45 [main] INFO  o.a.c.c.C.[Tomcat].[localhost].[/] - Initializing Spring embedded WebApplicationContext
2024-04-16 10:07:45 [main] INFO  o.s.b.w.s.c.ServletWebServerApplicationContext - Root WebApplicationContext: initialization completed in 1338 ms
2024-04-16 10:07:46 [main] INFO  o.a.coyote.http11.Http11NioProtocol - Starting ProtocolHandler ["http-nio-8091"]
2024-04-16 10:07:46 [main] INFO  o.s.b.w.e.tomcat.TomcatWebServer - Tomcat started on port(s): 8091 (http) with context path ''
2024-04-16 10:07:46 [main] INFO  c.g.p.m.PatchManagerApplication - Started PatchManagerApplication in 3.455 seconds (JVM running for 4.049)
2024-04-16 10:08:29 [http-nio-8091-exec-2] INFO  o.a.c.c.C.[Tomcat].[localhost].[/] - Initializing Spring DispatcherServlet 'dispatcherServlet'
2024-04-16 10:08:29 [http-nio-8091-exec-2] INFO  o.s.web.servlet.DispatcherServlet - Initializing Servlet 'dispatcherServlet'
2024-04-16 10:08:29 [http-nio-8091-exec-2] INFO  o.s.web.servlet.DispatcherServlet - Completed initialization in 3 ms
2024-04-16 10:08:52 [http-nio-8091-exec-2] INFO  com.zaxxer.hikari.HikariDataSource - HikariPool-1 - Starting...
2024-04-16 10:08:53 [http-nio-8091-exec-2] INFO  com.zaxxer.hikari.HikariDataSource - HikariPool-1 - Start completed.
2024-04-16 10:11:16 [main] INFO  c.g.p.m.PatchManagerApplication - Starting PatchManagerApplication using Java 1.8.0_341 on yaoyedeMacBook-Pro.local with PID 27758 (/Users/yaoye/诚通私库/patch-manager/target/classes started by yaoye in /Users/yaoye/诚通私库/patch-manager)
2024-04-16 10:11:16 [main] INFO  c.g.p.m.PatchManagerApplication - The following 1 profile is active: "dev"
2024-04-16 10:11:17 [main] INFO  o.s.b.w.e.tomcat.TomcatWebServer - Tomcat initialized with port(s): 8091 (http)
2024-04-16 10:11:17 [main] INFO  o.a.coyote.http11.Http11NioProtocol - Initializing ProtocolHandler ["http-nio-8091"]
2024-04-16 10:11:17 [main] INFO  o.a.catalina.core.StandardService - Starting service [Tomcat]
2024-04-16 10:11:17 [main] INFO  o.a.catalina.core.StandardEngine - Starting Servlet engine: [Apache Tomcat/9.0.83]
2024-04-16 10:11:18 [main] INFO  o.a.c.c.C.[Tomcat].[localhost].[/] - Initializing Spring embedded WebApplicationContext
2024-04-16 10:11:18 [main] INFO  o.s.b.w.s.c.ServletWebServerApplicationContext - Root WebApplicationContext: initialization completed in 1264 ms
2024-04-16 10:11:19 [main] INFO  o.a.coyote.http11.Http11NioProtocol - Starting ProtocolHandler ["http-nio-8091"]
2024-04-16 10:11:19 [main] INFO  o.s.b.w.e.tomcat.TomcatWebServer - Tomcat started on port(s): 8091 (http) with context path ''
2024-04-16 10:11:19 [main] INFO  c.g.p.m.PatchManagerApplication - Started PatchManagerApplication in 3.094 seconds (JVM running for 3.663)
2024-04-16 10:13:01 [http-nio-8091-exec-1] INFO  o.a.c.c.C.[Tomcat].[localhost].[/] - Initializing Spring DispatcherServlet 'dispatcherServlet'
2024-04-16 10:13:01 [http-nio-8091-exec-1] INFO  o.s.web.servlet.DispatcherServlet - Initializing Servlet 'dispatcherServlet'
2024-04-16 10:13:01 [http-nio-8091-exec-1] INFO  o.s.web.servlet.DispatcherServlet - Completed initialization in 4 ms
2024-04-16 10:13:11 [http-nio-8091-exec-1] INFO  com.zaxxer.hikari.HikariDataSource - HikariPool-1 - Starting...
2024-04-16 10:13:13 [http-nio-8091-exec-1] INFO  com.zaxxer.hikari.HikariDataSource - HikariPool-1 - Start completed.
2024-04-16 10:23:54 [main] INFO  c.g.p.m.PatchManagerApplication - Starting PatchManagerApplication using Java 1.8.0_341 on yaoyedeMacBook-Pro.local with PID 30081 (/Users/yaoye/诚通私库/patch-manager/target/classes started by yaoye in /Users/yaoye/诚通私库/patch-manager)
2024-04-16 10:23:54 [main] INFO  c.g.p.m.PatchManagerApplication - The following 1 profile is active: "dev"
2024-04-16 10:23:55 [main] INFO  o.s.b.w.e.tomcat.TomcatWebServer - Tomcat initialized with port(s): 8091 (http)
2024-04-16 10:23:55 [main] INFO  o.a.coyote.http11.Http11NioProtocol - Initializing ProtocolHandler ["http-nio-8091"]
2024-04-16 10:23:55 [main] INFO  o.a.catalina.core.StandardService - Starting service [Tomcat]
2024-04-16 10:23:55 [main] INFO  o.a.catalina.core.StandardEngine - Starting Servlet engine: [Apache Tomcat/9.0.83]
2024-04-16 10:23:55 [main] INFO  o.a.c.c.C.[Tomcat].[localhost].[/] - Initializing Spring embedded WebApplicationContext
2024-04-16 10:23:55 [main] INFO  o.s.b.w.s.c.ServletWebServerApplicationContext - Root WebApplicationContext: initialization completed in 1459 ms
2024-04-16 10:23:56 [main] INFO  o.a.catalina.core.StandardService - Stopping service [Tomcat]
2024-04-16 10:23:56 [main] INFO  o.s.b.a.l.ConditionEvaluationReportLoggingListener - 

Error starting ApplicationContext. To display the conditions report re-run your application with 'debug' enabled.
2024-04-16 10:24:57 [main] INFO  c.g.p.m.PatchManagerApplication - Starting PatchManagerApplication using Java 1.8.0_341 on yaoyedeMacBook-Pro.local with PID 30304 (/Users/yaoye/诚通私库/patch-manager/target/classes started by yaoye in /Users/yaoye/诚通私库/patch-manager)
2024-04-16 10:24:57 [main] INFO  c.g.p.m.PatchManagerApplication - The following 1 profile is active: "dev"
2024-04-16 10:24:58 [main] INFO  o.s.b.w.e.tomcat.TomcatWebServer - Tomcat initialized with port(s): 8091 (http)
2024-04-16 10:24:58 [main] INFO  o.a.coyote.http11.Http11NioProtocol - Initializing ProtocolHandler ["http-nio-8091"]
2024-04-16 10:24:58 [main] INFO  o.a.catalina.core.StandardService - Starting service [Tomcat]
2024-04-16 10:24:58 [main] INFO  o.a.catalina.core.StandardEngine - Starting Servlet engine: [Apache Tomcat/9.0.83]
2024-04-16 10:24:58 [main] INFO  o.a.c.c.C.[Tomcat].[localhost].[/] - Initializing Spring embedded WebApplicationContext
2024-04-16 10:24:58 [main] INFO  o.s.b.w.s.c.ServletWebServerApplicationContext - Root WebApplicationContext: initialization completed in 1330 ms
2024-04-16 10:24:59 [main] INFO  o.a.catalina.core.StandardService - Stopping service [Tomcat]
2024-04-16 10:24:59 [main] INFO  o.s.b.a.l.ConditionEvaluationReportLoggingListener - 

Error starting ApplicationContext. To display the conditions report re-run your application with 'debug' enabled.
2024-04-16 10:26:01 [main] INFO  c.g.p.m.PatchManagerApplication - Starting PatchManagerApplication using Java 1.8.0_341 on yaoyedeMacBook-Pro.local with PID 30527 (/Users/yaoye/诚通私库/patch-manager/target/classes started by yaoye in /Users/yaoye/诚通私库/patch-manager)
2024-04-16 10:26:01 [main] INFO  c.g.p.m.PatchManagerApplication - The following 1 profile is active: "dev"
2024-04-16 10:26:03 [main] INFO  o.s.b.w.e.tomcat.TomcatWebServer - Tomcat initialized with port(s): 8091 (http)
2024-04-16 10:26:03 [main] INFO  o.a.coyote.http11.Http11NioProtocol - Initializing ProtocolHandler ["http-nio-8091"]
2024-04-16 10:26:03 [main] INFO  o.a.catalina.core.StandardService - Starting service [Tomcat]
2024-04-16 10:26:03 [main] INFO  o.a.catalina.core.StandardEngine - Starting Servlet engine: [Apache Tomcat/9.0.83]
2024-04-16 10:26:03 [main] INFO  o.a.c.c.C.[Tomcat].[localhost].[/] - Initializing Spring embedded WebApplicationContext
2024-04-16 10:26:03 [main] INFO  o.s.b.w.s.c.ServletWebServerApplicationContext - Root WebApplicationContext: initialization completed in 1269 ms
2024-04-16 10:26:04 [main] INFO  o.a.coyote.http11.Http11NioProtocol - Starting ProtocolHandler ["http-nio-8091"]
2024-04-16 10:26:04 [main] INFO  o.s.b.w.e.tomcat.TomcatWebServer - Tomcat started on port(s): 8091 (http) with context path ''
2024-04-16 10:26:04 [main] INFO  c.g.p.m.PatchManagerApplication - Started PatchManagerApplication in 3.091 seconds (JVM running for 3.669)
2024-04-16 10:26:16 [http-nio-8091-exec-2] INFO  o.a.c.c.C.[Tomcat].[localhost].[/] - Initializing Spring DispatcherServlet 'dispatcherServlet'
2024-04-16 10:26:16 [http-nio-8091-exec-2] INFO  o.s.web.servlet.DispatcherServlet - Initializing Servlet 'dispatcherServlet'
2024-04-16 10:26:16 [http-nio-8091-exec-2] INFO  o.s.web.servlet.DispatcherServlet - Completed initialization in 3 ms
2024-04-16 10:28:09 [main] INFO  c.g.p.m.PatchManagerApplication - Starting PatchManagerApplication using Java 1.8.0_341 on yaoyedeMacBook-Pro.local with PID 30941 (/Users/yaoye/诚通私库/patch-manager/target/classes started by yaoye in /Users/yaoye/诚通私库/patch-manager)
2024-04-16 10:28:09 [main] INFO  c.g.p.m.PatchManagerApplication - The following 1 profile is active: "dev"
2024-04-16 10:28:10 [main] INFO  o.s.b.w.e.tomcat.TomcatWebServer - Tomcat initialized with port(s): 8091 (http)
2024-04-16 10:28:10 [main] INFO  o.a.coyote.http11.Http11NioProtocol - Initializing ProtocolHandler ["http-nio-8091"]
2024-04-16 10:28:10 [main] INFO  o.a.catalina.core.StandardService - Starting service [Tomcat]
2024-04-16 10:28:10 [main] INFO  o.a.catalina.core.StandardEngine - Starting Servlet engine: [Apache Tomcat/9.0.83]
2024-04-16 10:28:10 [main] INFO  o.a.c.c.C.[Tomcat].[localhost].[/] - Initializing Spring embedded WebApplicationContext
2024-04-16 10:28:10 [main] INFO  o.s.b.w.s.c.ServletWebServerApplicationContext - Root WebApplicationContext: initialization completed in 1242 ms
2024-04-16 10:28:11 [main] INFO  o.a.coyote.http11.Http11NioProtocol - Starting ProtocolHandler ["http-nio-8091"]
2024-04-16 10:28:11 [main] INFO  o.s.b.w.e.tomcat.TomcatWebServer - Tomcat started on port(s): 8091 (http) with context path ''
2024-04-16 10:28:11 [main] INFO  c.g.p.m.PatchManagerApplication - Started PatchManagerApplication in 3.098 seconds (JVM running for 3.753)
2024-04-16 10:28:30 [http-nio-8091-exec-1] INFO  o.a.c.c.C.[Tomcat].[localhost].[/] - Initializing Spring DispatcherServlet 'dispatcherServlet'
2024-04-16 10:28:30 [http-nio-8091-exec-1] INFO  o.s.web.servlet.DispatcherServlet - Initializing Servlet 'dispatcherServlet'
2024-04-16 10:28:30 [http-nio-8091-exec-1] INFO  o.s.web.servlet.DispatcherServlet - Completed initialization in 2 ms
2024-04-16 10:28:38 [http-nio-8091-exec-1] INFO  com.zaxxer.hikari.HikariDataSource - HikariPool-1 - Starting...
2024-04-16 10:28:39 [http-nio-8091-exec-1] INFO  com.zaxxer.hikari.HikariDataSource - HikariPool-1 - Start completed.
2024-04-16 15:22:10 [main] INFO  c.g.p.m.PatchManagerApplication - Starting PatchManagerApplication using Java 1.8.0_341 on yaoyedeMacBook-Pro.local with PID 76880 (/Users/yaoye/诚通私库/patch-manager/target/classes started by yaoye in /Users/yaoye/诚通私库/patch-manager)
2024-04-16 15:22:10 [main] INFO  c.g.p.m.PatchManagerApplication - The following 1 profile is active: "dev"
2024-04-16 15:22:12 [main] INFO  o.s.b.w.e.tomcat.TomcatWebServer - Tomcat initialized with port(s): 8091 (http)
2024-04-16 15:22:12 [main] INFO  o.a.coyote.http11.Http11NioProtocol - Initializing ProtocolHandler ["http-nio-8091"]
2024-04-16 15:22:12 [main] INFO  o.a.catalina.core.StandardService - Starting service [Tomcat]
2024-04-16 15:22:12 [main] INFO  o.a.catalina.core.StandardEngine - Starting Servlet engine: [Apache Tomcat/9.0.83]
2024-04-16 15:22:12 [main] INFO  o.a.c.c.C.[Tomcat].[localhost].[/] - Initializing Spring embedded WebApplicationContext
2024-04-16 15:22:12 [main] INFO  o.s.b.w.s.c.ServletWebServerApplicationContext - Root WebApplicationContext: initialization completed in 1362 ms
2024-04-16 15:22:13 [main] INFO  o.a.coyote.http11.Http11NioProtocol - Starting ProtocolHandler ["http-nio-8091"]
2024-04-16 15:22:13 [main] INFO  o.s.b.w.e.tomcat.TomcatWebServer - Tomcat started on port(s): 8091 (http) with context path ''
2024-04-16 15:22:13 [main] INFO  c.g.p.m.PatchManagerApplication - Started PatchManagerApplication in 3.359 seconds (JVM running for 4.192)
2024-04-16 15:23:39 [main] INFO  c.g.p.m.PatchManagerApplication - Starting PatchManagerApplication using Java 1.8.0_341 on yaoyedeMacBook-Pro.local with PID 77165 (/Users/yaoye/诚通私库/patch-manager/target/classes started by yaoye in /Users/yaoye/诚通私库/patch-manager)
2024-04-16 15:23:39 [main] INFO  c.g.p.m.PatchManagerApplication - The following 1 profile is active: "dev"
2024-04-16 15:23:40 [main] INFO  o.s.b.w.e.tomcat.TomcatWebServer - Tomcat initialized with port(s): 8091 (http)
2024-04-16 15:23:40 [main] INFO  o.a.coyote.http11.Http11NioProtocol - Initializing ProtocolHandler ["http-nio-8091"]
2024-04-16 15:23:40 [main] INFO  o.a.catalina.core.StandardService - Starting service [Tomcat]
2024-04-16 15:23:40 [main] INFO  o.a.catalina.core.StandardEngine - Starting Servlet engine: [Apache Tomcat/9.0.83]
2024-04-16 15:23:40 [main] INFO  o.a.c.c.C.[Tomcat].[localhost].[/] - Initializing Spring embedded WebApplicationContext
2024-04-16 15:23:40 [main] INFO  o.s.b.w.s.c.ServletWebServerApplicationContext - Root WebApplicationContext: initialization completed in 1414 ms
2024-04-16 15:23:41 [main] INFO  o.a.coyote.http11.Http11NioProtocol - Starting ProtocolHandler ["http-nio-8091"]
2024-04-16 15:23:41 [main] INFO  o.s.b.w.e.tomcat.TomcatWebServer - Tomcat started on port(s): 8091 (http) with context path ''
2024-04-16 15:23:41 [main] INFO  c.g.p.m.PatchManagerApplication - Started PatchManagerApplication in 3.221 seconds (JVM running for 3.916)
2024-04-16 15:24:22 [http-nio-8091-exec-1] INFO  o.a.c.c.C.[Tomcat].[localhost].[/] - Initializing Spring DispatcherServlet 'dispatcherServlet'
2024-04-16 15:24:22 [http-nio-8091-exec-1] INFO  o.s.web.servlet.DispatcherServlet - Initializing Servlet 'dispatcherServlet'
2024-04-16 15:24:22 [http-nio-8091-exec-1] INFO  o.s.web.servlet.DispatcherServlet - Completed initialization in 5 ms
2024-04-16 15:24:26 [http-nio-8091-exec-1] INFO  com.zaxxer.hikari.HikariDataSource - HikariPool-1 - Starting...
2024-04-16 15:24:27 [http-nio-8091-exec-1] INFO  com.zaxxer.hikari.HikariDataSource - HikariPool-1 - Start completed.
2024-04-16 15:46:30 [main] INFO  c.g.p.m.PatchManagerApplication - Starting PatchManagerApplication using Java 1.8.0_341 on yaoyedeMacBook-Pro.local with PID 81421 (/Users/yaoye/诚通私库/patch-manager/target/classes started by yaoye in /Users/yaoye/诚通私库/patch-manager)
2024-04-16 15:46:30 [main] INFO  c.g.p.m.PatchManagerApplication - The following 1 profile is active: "dev"
2024-04-16 15:46:31 [main] INFO  o.s.b.w.e.tomcat.TomcatWebServer - Tomcat initialized with port(s): 8091 (http)
2024-04-16 15:46:31 [main] INFO  o.a.coyote.http11.Http11NioProtocol - Initializing ProtocolHandler ["http-nio-8091"]
2024-04-16 15:46:31 [main] INFO  o.a.catalina.core.StandardService - Starting service [Tomcat]
2024-04-16 15:46:31 [main] INFO  o.a.catalina.core.StandardEngine - Starting Servlet engine: [Apache Tomcat/9.0.83]
2024-04-16 15:46:31 [main] INFO  o.a.c.c.C.[Tomcat].[localhost].[/] - Initializing Spring embedded WebApplicationContext
2024-04-16 15:46:31 [main] INFO  o.s.b.w.s.c.ServletWebServerApplicationContext - Root WebApplicationContext: initialization completed in 1244 ms
2024-04-16 15:46:32 [main] INFO  o.a.coyote.http11.Http11NioProtocol - Starting ProtocolHandler ["http-nio-8091"]
2024-04-16 15:46:32 [main] INFO  o.s.b.w.e.tomcat.TomcatWebServer - Tomcat started on port(s): 8091 (http) with context path ''
2024-04-16 15:46:32 [main] INFO  c.g.p.m.PatchManagerApplication - Started PatchManagerApplication in 3.088 seconds (JVM running for 3.651)
2024-04-16 15:46:51 [http-nio-8091-exec-2] INFO  o.a.c.c.C.[Tomcat].[localhost].[/] - Initializing Spring DispatcherServlet 'dispatcherServlet'
2024-04-16 15:46:51 [http-nio-8091-exec-2] INFO  o.s.web.servlet.DispatcherServlet - Initializing Servlet 'dispatcherServlet'
2024-04-16 15:46:51 [http-nio-8091-exec-2] INFO  o.s.web.servlet.DispatcherServlet - Completed initialization in 3 ms
2024-04-16 15:47:55 [main] INFO  c.g.p.m.PatchManagerApplication - Starting PatchManagerApplication using Java 1.8.0_341 on yaoyedeMacBook-Pro.local with PID 81695 (/Users/yaoye/诚通私库/patch-manager/target/classes started by yaoye in /Users/yaoye/诚通私库/patch-manager)
2024-04-16 15:47:55 [main] INFO  c.g.p.m.PatchManagerApplication - The following 1 profile is active: "dev"
2024-04-16 15:47:56 [main] INFO  o.s.b.w.e.tomcat.TomcatWebServer - Tomcat initialized with port(s): 8091 (http)
2024-04-16 15:47:56 [main] INFO  o.a.coyote.http11.Http11NioProtocol - Initializing ProtocolHandler ["http-nio-8091"]
2024-04-16 15:47:56 [main] INFO  o.a.catalina.core.StandardService - Starting service [Tomcat]
2024-04-16 15:47:56 [main] INFO  o.a.catalina.core.StandardEngine - Starting Servlet engine: [Apache Tomcat/9.0.83]
2024-04-16 15:47:56 [main] INFO  o.a.c.c.C.[Tomcat].[localhost].[/] - Initializing Spring embedded WebApplicationContext
2024-04-16 15:47:56 [main] INFO  o.s.b.w.s.c.ServletWebServerApplicationContext - Root WebApplicationContext: initialization completed in 1257 ms
2024-04-16 15:47:57 [main] INFO  o.a.coyote.http11.Http11NioProtocol - Starting ProtocolHandler ["http-nio-8091"]
2024-04-16 15:47:57 [main] INFO  o.s.b.w.e.tomcat.TomcatWebServer - Tomcat started on port(s): 8091 (http) with context path ''
2024-04-16 15:47:57 [main] INFO  c.g.p.m.PatchManagerApplication - Started PatchManagerApplication in 3.151 seconds (JVM running for 3.716)
2024-04-16 15:48:25 [http-nio-8091-exec-2] INFO  o.a.c.c.C.[Tomcat].[localhost].[/] - Initializing Spring DispatcherServlet 'dispatcherServlet'
2024-04-16 15:48:25 [http-nio-8091-exec-2] INFO  o.s.web.servlet.DispatcherServlet - Initializing Servlet 'dispatcherServlet'
2024-04-16 15:48:25 [http-nio-8091-exec-2] INFO  o.s.web.servlet.DispatcherServlet - Completed initialization in 3 ms
2024-04-16 15:48:28 [http-nio-8091-exec-2] INFO  com.zaxxer.hikari.HikariDataSource - HikariPool-1 - Starting...
2024-04-16 15:48:29 [http-nio-8091-exec-2] INFO  com.zaxxer.hikari.HikariDataSource - HikariPool-1 - Start completed.
2024-04-16 15:50:37 [main] INFO  c.g.p.m.PatchManagerApplication - Starting PatchManagerApplication using Java 1.8.0_341 on yaoyedeMacBook-Pro.local with PID 82204 (/Users/yaoye/诚通私库/patch-manager/target/classes started by yaoye in /Users/yaoye/诚通私库/patch-manager)
2024-04-16 15:50:37 [main] INFO  c.g.p.m.PatchManagerApplication - The following 1 profile is active: "dev"
2024-04-16 15:50:38 [main] INFO  o.s.b.w.e.tomcat.TomcatWebServer - Tomcat initialized with port(s): 8091 (http)
2024-04-16 15:50:38 [main] INFO  o.a.coyote.http11.Http11NioProtocol - Initializing ProtocolHandler ["http-nio-8091"]
2024-04-16 15:50:38 [main] INFO  o.a.catalina.core.StandardService - Starting service [Tomcat]
2024-04-16 15:50:38 [main] INFO  o.a.catalina.core.StandardEngine - Starting Servlet engine: [Apache Tomcat/9.0.83]
2024-04-16 15:50:38 [main] INFO  o.a.c.c.C.[Tomcat].[localhost].[/] - Initializing Spring embedded WebApplicationContext
2024-04-16 15:50:38 [main] INFO  o.s.b.w.s.c.ServletWebServerApplicationContext - Root WebApplicationContext: initialization completed in 1285 ms
2024-04-16 15:50:39 [main] INFO  o.a.coyote.http11.Http11NioProtocol - Starting ProtocolHandler ["http-nio-8091"]
2024-04-16 15:50:39 [main] INFO  o.s.b.w.e.tomcat.TomcatWebServer - Tomcat started on port(s): 8091 (http) with context path ''
2024-04-16 15:50:39 [main] INFO  c.g.p.m.PatchManagerApplication - Started PatchManagerApplication in 3.113 seconds (JVM running for 3.664)
2024-04-16 15:51:12 [http-nio-8091-exec-2] INFO  o.a.c.c.C.[Tomcat].[localhost].[/] - Initializing Spring DispatcherServlet 'dispatcherServlet'
2024-04-16 15:51:12 [http-nio-8091-exec-2] INFO  o.s.web.servlet.DispatcherServlet - Initializing Servlet 'dispatcherServlet'
2024-04-16 15:51:12 [http-nio-8091-exec-2] INFO  o.s.web.servlet.DispatcherServlet - Completed initialization in 5 ms
2024-04-16 15:59:16 [main] INFO  c.g.p.m.PatchManagerApplication - Starting PatchManagerApplication using Java 1.8.0_341 on yaoyedeMacBook-Pro.local with PID 83814 (/Users/yaoye/诚通私库/patch-manager/target/classes started by yaoye in /Users/yaoye/诚通私库/patch-manager)
2024-04-16 15:59:16 [main] INFO  c.g.p.m.PatchManagerApplication - The following 1 profile is active: "dev"
2024-04-16 15:59:18 [main] INFO  o.s.b.w.e.tomcat.TomcatWebServer - Tomcat initialized with port(s): 8091 (http)
2024-04-16 15:59:18 [main] INFO  o.a.coyote.http11.Http11NioProtocol - Initializing ProtocolHandler ["http-nio-8091"]
2024-04-16 15:59:18 [main] INFO  o.a.catalina.core.StandardService - Starting service [Tomcat]
2024-04-16 15:59:18 [main] INFO  o.a.catalina.core.StandardEngine - Starting Servlet engine: [Apache Tomcat/9.0.83]
2024-04-16 15:59:18 [main] INFO  o.a.c.c.C.[Tomcat].[localhost].[/] - Initializing Spring embedded WebApplicationContext
2024-04-16 15:59:18 [main] INFO  o.s.b.w.s.c.ServletWebServerApplicationContext - Root WebApplicationContext: initialization completed in 1475 ms
2024-04-16 15:59:19 [main] INFO  o.a.coyote.http11.Http11NioProtocol - Starting ProtocolHandler ["http-nio-8091"]
2024-04-16 15:59:19 [main] INFO  o.s.b.w.e.tomcat.TomcatWebServer - Tomcat started on port(s): 8091 (http) with context path ''
2024-04-16 15:59:19 [main] INFO  c.g.p.m.PatchManagerApplication - Started PatchManagerApplication in 3.563 seconds (JVM running for 4.115)
2024-04-16 16:01:18 [http-nio-8091-exec-2] INFO  o.a.c.c.C.[Tomcat].[localhost].[/] - Initializing Spring DispatcherServlet 'dispatcherServlet'
2024-04-16 16:01:18 [http-nio-8091-exec-2] INFO  o.s.web.servlet.DispatcherServlet - Initializing Servlet 'dispatcherServlet'
2024-04-16 16:01:18 [http-nio-8091-exec-2] INFO  o.s.web.servlet.DispatcherServlet - Completed initialization in 5 ms
2024-04-16 16:17:22 [main] INFO  c.g.p.m.PatchManagerApplication - Starting PatchManagerApplication using Java 1.8.0_341 on yaoyedeMacBook-Pro.local with PID 87221 (/Users/yaoye/诚通私库/patch-manager/target/classes started by yaoye in /Users/yaoye/诚通私库/patch-manager)
2024-04-16 16:17:22 [main] INFO  c.g.p.m.PatchManagerApplication - The following 1 profile is active: "dev"
2024-04-16 16:17:23 [main] INFO  o.s.b.w.e.tomcat.TomcatWebServer - Tomcat initialized with port(s): 8091 (http)
2024-04-16 16:17:23 [main] INFO  o.a.coyote.http11.Http11NioProtocol - Initializing ProtocolHandler ["http-nio-8091"]
2024-04-16 16:17:23 [main] INFO  o.a.catalina.core.StandardService - Starting service [Tomcat]
2024-04-16 16:17:23 [main] INFO  o.a.catalina.core.StandardEngine - Starting Servlet engine: [Apache Tomcat/9.0.83]
2024-04-16 16:17:24 [main] INFO  o.a.c.c.C.[Tomcat].[localhost].[/] - Initializing Spring embedded WebApplicationContext
2024-04-16 16:17:24 [main] INFO  o.s.b.w.s.c.ServletWebServerApplicationContext - Root WebApplicationContext: initialization completed in 1376 ms
2024-04-16 16:17:25 [main] INFO  o.a.coyote.http11.Http11NioProtocol - Starting ProtocolHandler ["http-nio-8091"]
2024-04-16 16:17:25 [main] INFO  o.s.b.w.e.tomcat.TomcatWebServer - Tomcat started on port(s): 8091 (http) with context path ''
2024-04-16 16:17:25 [main] INFO  c.g.p.m.PatchManagerApplication - Started PatchManagerApplication in 3.209 seconds (JVM running for 3.789)
2024-04-16 16:24:30 [http-nio-8091-exec-2] INFO  o.a.c.c.C.[Tomcat].[localhost].[/] - Initializing Spring DispatcherServlet 'dispatcherServlet'
2024-04-16 16:24:30 [http-nio-8091-exec-2] INFO  o.s.web.servlet.DispatcherServlet - Initializing Servlet 'dispatcherServlet'
2024-04-16 16:24:30 [http-nio-8091-exec-2] INFO  o.s.web.servlet.DispatcherServlet - Completed initialization in 5 ms
2024-04-16 16:25:43 [http-nio-8091-exec-2] INFO  com.zaxxer.hikari.HikariDataSource - HikariPool-1 - Starting...
2024-04-16 16:25:44 [http-nio-8091-exec-2] INFO  com.zaxxer.hikari.HikariDataSource - HikariPool-1 - Start completed.
2024-04-16 16:27:26 [main] INFO  c.g.p.m.PatchManagerApplication - Starting PatchManagerApplication using Java 1.8.0_341 on yaoyedeMacBook-Pro.local with PID 89107 (/Users/yaoye/诚通私库/patch-manager/target/classes started by yaoye in /Users/yaoye/诚通私库/patch-manager)
2024-04-16 16:27:26 [main] INFO  c.g.p.m.PatchManagerApplication - The following 1 profile is active: "dev"
2024-04-16 16:27:27 [main] INFO  o.s.b.w.e.tomcat.TomcatWebServer - Tomcat initialized with port(s): 8091 (http)
2024-04-16 16:27:27 [main] INFO  o.a.coyote.http11.Http11NioProtocol - Initializing ProtocolHandler ["http-nio-8091"]
2024-04-16 16:27:27 [main] INFO  o.a.catalina.core.StandardService - Starting service [Tomcat]
2024-04-16 16:27:27 [main] INFO  o.a.catalina.core.StandardEngine - Starting Servlet engine: [Apache Tomcat/9.0.83]
2024-04-16 16:27:27 [main] INFO  o.a.c.c.C.[Tomcat].[localhost].[/] - Initializing Spring embedded WebApplicationContext
2024-04-16 16:27:27 [main] INFO  o.s.b.w.s.c.ServletWebServerApplicationContext - Root WebApplicationContext: initialization completed in 1393 ms
2024-04-16 16:27:28 [main] INFO  o.a.coyote.http11.Http11NioProtocol - Starting ProtocolHandler ["http-nio-8091"]
2024-04-16 16:27:28 [main] INFO  o.s.b.w.e.tomcat.TomcatWebServer - Tomcat started on port(s): 8091 (http) with context path ''
2024-04-16 16:27:28 [main] INFO  c.g.p.m.PatchManagerApplication - Started PatchManagerApplication in 3.265 seconds (JVM running for 3.886)
2024-04-16 16:29:28 [http-nio-8091-exec-2] INFO  o.a.c.c.C.[Tomcat].[localhost].[/] - Initializing Spring DispatcherServlet 'dispatcherServlet'
2024-04-16 16:29:28 [http-nio-8091-exec-2] INFO  o.s.web.servlet.DispatcherServlet - Initializing Servlet 'dispatcherServlet'
2024-04-16 16:29:28 [http-nio-8091-exec-2] INFO  o.s.web.servlet.DispatcherServlet - Completed initialization in 4 ms
2024-04-16 16:38:45 [http-nio-8091-exec-6] INFO  com.zaxxer.hikari.HikariDataSource - HikariPool-1 - Starting...
2024-04-16 16:38:46 [http-nio-8091-exec-6] INFO  com.zaxxer.hikari.HikariDataSource - HikariPool-1 - Start completed.
2024-04-16 17:03:05 [main] INFO  c.g.p.m.PatchManagerApplication - Starting PatchManagerApplication using Java 1.8.0_341 on yaoyedeMacBook-Pro.local with PID 94732 (/Users/yaoye/诚通私库/patch-manager/target/classes started by yaoye in /Users/yaoye/诚通私库/patch-manager)
2024-04-16 17:03:05 [main] INFO  c.g.p.m.PatchManagerApplication - The following 1 profile is active: "dev"
2024-04-16 17:03:06 [main] INFO  o.s.b.w.e.tomcat.TomcatWebServer - Tomcat initialized with port(s): 8091 (http)
2024-04-16 17:03:06 [main] INFO  o.a.coyote.http11.Http11NioProtocol - Initializing ProtocolHandler ["http-nio-8091"]
2024-04-16 17:03:06 [main] INFO  o.a.catalina.core.StandardService - Starting service [Tomcat]
2024-04-16 17:03:06 [main] INFO  o.a.catalina.core.StandardEngine - Starting Servlet engine: [Apache Tomcat/9.0.83]
2024-04-16 17:03:06 [main] INFO  o.a.c.c.C.[Tomcat].[localhost].[/] - Initializing Spring embedded WebApplicationContext
2024-04-16 17:03:06 [main] INFO  o.s.b.w.s.c.ServletWebServerApplicationContext - Root WebApplicationContext: initialization completed in 1258 ms
2024-04-16 17:03:07 [main] INFO  o.a.coyote.http11.Http11NioProtocol - Starting ProtocolHandler ["http-nio-8091"]
2024-04-16 17:03:07 [main] INFO  o.s.b.w.e.tomcat.TomcatWebServer - Tomcat started on port(s): 8091 (http) with context path ''
2024-04-16 17:03:07 [main] INFO  c.g.p.m.PatchManagerApplication - Started PatchManagerApplication in 3.066 seconds (JVM running for 3.603)
2024-04-16 17:05:20 [main] INFO  c.g.p.m.PatchManagerApplication - Starting PatchManagerApplication using Java 1.8.0_341 on yaoyedeMacBook-Pro.local with PID 95176 (/Users/yaoye/诚通私库/patch-manager/target/classes started by yaoye in /Users/yaoye/诚通私库/patch-manager)
2024-04-16 17:05:20 [main] INFO  c.g.p.m.PatchManagerApplication - The following 1 profile is active: "dev"
2024-04-16 17:05:21 [main] INFO  o.s.b.w.e.tomcat.TomcatWebServer - Tomcat initialized with port(s): 8091 (http)
2024-04-16 17:05:22 [main] INFO  o.a.coyote.http11.Http11NioProtocol - Initializing ProtocolHandler ["http-nio-8091"]
2024-04-16 17:05:22 [main] INFO  o.a.catalina.core.StandardService - Starting service [Tomcat]
2024-04-16 17:05:22 [main] INFO  o.a.catalina.core.StandardEngine - Starting Servlet engine: [Apache Tomcat/9.0.83]
2024-04-16 17:05:22 [main] INFO  o.a.c.c.C.[Tomcat].[localhost].[/] - Initializing Spring embedded WebApplicationContext
2024-04-16 17:05:22 [main] INFO  o.s.b.w.s.c.ServletWebServerApplicationContext - Root WebApplicationContext: initialization completed in 1347 ms
2024-04-16 17:05:23 [main] INFO  o.a.coyote.http11.Http11NioProtocol - Starting ProtocolHandler ["http-nio-8091"]
2024-04-16 17:05:23 [main] INFO  o.s.b.w.e.tomcat.TomcatWebServer - Tomcat started on port(s): 8091 (http) with context path ''
2024-04-16 17:05:23 [main] INFO  c.g.p.m.PatchManagerApplication - Started PatchManagerApplication in 3.153 seconds (JVM running for 4.237)
2024-04-16 17:05:47 [http-nio-8091-exec-2] INFO  o.a.c.c.C.[Tomcat].[localhost].[/] - Initializing Spring DispatcherServlet 'dispatcherServlet'
2024-04-16 17:05:47 [http-nio-8091-exec-2] INFO  o.s.web.servlet.DispatcherServlet - Initializing Servlet 'dispatcherServlet'
2024-04-16 17:05:47 [http-nio-8091-exec-2] INFO  o.s.web.servlet.DispatcherServlet - Completed initialization in 3 ms
2024-04-16 17:05:48 [http-nio-8091-exec-2] INFO  com.zaxxer.hikari.HikariDataSource - HikariPool-1 - Starting...
2024-04-16 17:05:48 [http-nio-8091-exec-2] INFO  com.zaxxer.hikari.HikariDataSource - HikariPool-1 - Start completed.
