2024-04-10 11:04:31 [main] ERROR tech.powerjob.worker.PowerJobWorker - [PowerJobWorker] initialize PowerJobWorker failed, using 15.66 s.
tech.powerjob.common.exception.PowerJobException: http request failed,code=502
	at tech.powerjob.common.utils.HttpUtils.execute(HttpUtils.java:54)
	at tech.powerjob.common.utils.HttpUtils.get(HttpUtils.java:32)
	at tech.powerjob.worker.PowerJobWorker.lambda$assertAppName$0(PowerJobWorker.java:156)
	at tech.powerjob.common.utils.CommonUtils.executeWithRetry(CommonUtils.java:45)
	at tech.powerjob.common.utils.CommonUtils.executeWithRetry0(CommonUtils.java:49)
	at tech.powerjob.worker.PowerJobWorker.assertAppName(PowerJobWorker.java:156)
	at tech.powerjob.worker.PowerJobWorker.init(PowerJobWorker.java:79)
	at tech.powerjob.worker.PowerJobSpringWorker.afterPropertiesSet(PowerJobSpringWorker.java:40)
	at org.springframework.beans.factory.support.AbstractAutowireCapableBeanFactory.invokeInitMethods(AbstractAutowireCapableBeanFactory.java:1863)
	at org.springframework.beans.factory.support.AbstractAutowireCapableBeanFactory.initializeBean(AbstractAutowireCapableBeanFactory.java:1800)
	at org.springframework.beans.factory.support.AbstractAutowireCapableBeanFactory.doCreateBean(AbstractAutowireCapableBeanFactory.java:620)
	at org.springframework.beans.factory.support.AbstractAutowireCapableBeanFactory.createBean(AbstractAutowireCapableBeanFactory.java:542)
	at org.springframework.beans.factory.support.AbstractBeanFactory.lambda$doGetBean$0(AbstractBeanFactory.java:335)
	at org.springframework.beans.factory.support.DefaultSingletonBeanRegistry.getSingleton(DefaultSingletonBeanRegistry.java:234)
	at org.springframework.beans.factory.support.AbstractBeanFactory.doGetBean(AbstractBeanFactory.java:333)
	at org.springframework.beans.factory.support.AbstractBeanFactory.getBean(AbstractBeanFactory.java:208)
	at org.springframework.beans.factory.support.DefaultListableBeanFactory.preInstantiateSingletons(DefaultListableBeanFactory.java:955)
	at org.springframework.context.support.AbstractApplicationContext.finishBeanFactoryInitialization(AbstractApplicationContext.java:929)
	at org.springframework.context.support.AbstractApplicationContext.refresh(AbstractApplicationContext.java:591)
	at org.springframework.boot.SpringApplication.refresh(SpringApplication.java:732)
	at org.springframework.boot.SpringApplication.refreshContext(SpringApplication.java:409)
	at org.springframework.boot.SpringApplication.run(SpringApplication.java:308)
	at org.springframework.boot.SpringApplication.run(SpringApplication.java:1300)
	at org.springframework.boot.SpringApplication.run(SpringApplication.java:1289)
	at PatchManagerApplication.main(PatchManagerApplication.java:12)
2024-04-10 11:04:31 [main] ERROR o.s.boot.SpringApplication - Application run failed
org.springframework.beans.factory.BeanCreationException: Error creating bean with name 'initPowerJob' defined in class path resource [tech/powerjob/worker/autoconfigure/PowerJobAutoConfiguration.class]: Invocation of init method failed; nested exception is tech.powerjob.common.exception.PowerJobException: http request failed,code=502
	at org.springframework.beans.factory.support.AbstractAutowireCapableBeanFactory.initializeBean(AbstractAutowireCapableBeanFactory.java:1804)
	at org.springframework.beans.factory.support.AbstractAutowireCapableBeanFactory.doCreateBean(AbstractAutowireCapableBeanFactory.java:620)
	at org.springframework.beans.factory.support.AbstractAutowireCapableBeanFactory.createBean(AbstractAutowireCapableBeanFactory.java:542)
	at org.springframework.beans.factory.support.AbstractBeanFactory.lambda$doGetBean$0(AbstractBeanFactory.java:335)
	at org.springframework.beans.factory.support.DefaultSingletonBeanRegistry.getSingleton(DefaultSingletonBeanRegistry.java:234)
	at org.springframework.beans.factory.support.AbstractBeanFactory.doGetBean(AbstractBeanFactory.java:333)
	at org.springframework.beans.factory.support.AbstractBeanFactory.getBean(AbstractBeanFactory.java:208)
	at org.springframework.beans.factory.support.DefaultListableBeanFactory.preInstantiateSingletons(DefaultListableBeanFactory.java:955)
	at org.springframework.context.support.AbstractApplicationContext.finishBeanFactoryInitialization(AbstractApplicationContext.java:929)
	at org.springframework.context.support.AbstractApplicationContext.refresh(AbstractApplicationContext.java:591)
	at org.springframework.boot.SpringApplication.refresh(SpringApplication.java:732)
	at org.springframework.boot.SpringApplication.refreshContext(SpringApplication.java:409)
	at org.springframework.boot.SpringApplication.run(SpringApplication.java:308)
	at org.springframework.boot.SpringApplication.run(SpringApplication.java:1300)
	at org.springframework.boot.SpringApplication.run(SpringApplication.java:1289)
	at PatchManagerApplication.main(PatchManagerApplication.java:12)
Caused by: tech.powerjob.common.exception.PowerJobException: http request failed,code=502
	at tech.powerjob.common.utils.HttpUtils.execute(HttpUtils.java:54)
	at tech.powerjob.common.utils.HttpUtils.get(HttpUtils.java:32)
	at tech.powerjob.worker.PowerJobWorker.lambda$assertAppName$0(PowerJobWorker.java:156)
	at tech.powerjob.common.utils.CommonUtils.executeWithRetry(CommonUtils.java:45)
	at tech.powerjob.common.utils.CommonUtils.executeWithRetry0(CommonUtils.java:49)
	at tech.powerjob.worker.PowerJobWorker.assertAppName(PowerJobWorker.java:156)
	at tech.powerjob.worker.PowerJobWorker.init(PowerJobWorker.java:79)
	at tech.powerjob.worker.PowerJobSpringWorker.afterPropertiesSet(PowerJobSpringWorker.java:40)
	at org.springframework.beans.factory.support.AbstractAutowireCapableBeanFactory.invokeInitMethods(AbstractAutowireCapableBeanFactory.java:1863)
	at org.springframework.beans.factory.support.AbstractAutowireCapableBeanFactory.initializeBean(AbstractAutowireCapableBeanFactory.java:1800)
	... 15 common frames omitted
2024-04-10 11:06:28 [main] ERROR tech.powerjob.worker.PowerJobWorker - [PowerJobWorker] initialize PowerJobWorker failed, using 15.58 s.
tech.powerjob.common.exception.PowerJobException: http request failed,code=502
	at tech.powerjob.common.utils.HttpUtils.execute(HttpUtils.java:54)
	at tech.powerjob.common.utils.HttpUtils.get(HttpUtils.java:32)
	at tech.powerjob.worker.PowerJobWorker.lambda$assertAppName$0(PowerJobWorker.java:156)
	at tech.powerjob.common.utils.CommonUtils.executeWithRetry(CommonUtils.java:45)
	at tech.powerjob.common.utils.CommonUtils.executeWithRetry0(CommonUtils.java:49)
	at tech.powerjob.worker.PowerJobWorker.assertAppName(PowerJobWorker.java:156)
	at tech.powerjob.worker.PowerJobWorker.init(PowerJobWorker.java:79)
	at tech.powerjob.worker.PowerJobSpringWorker.afterPropertiesSet(PowerJobSpringWorker.java:40)
	at org.springframework.beans.factory.support.AbstractAutowireCapableBeanFactory.invokeInitMethods(AbstractAutowireCapableBeanFactory.java:1863)
	at org.springframework.beans.factory.support.AbstractAutowireCapableBeanFactory.initializeBean(AbstractAutowireCapableBeanFactory.java:1800)
	at org.springframework.beans.factory.support.AbstractAutowireCapableBeanFactory.doCreateBean(AbstractAutowireCapableBeanFactory.java:620)
	at org.springframework.beans.factory.support.AbstractAutowireCapableBeanFactory.createBean(AbstractAutowireCapableBeanFactory.java:542)
	at org.springframework.beans.factory.support.AbstractBeanFactory.lambda$doGetBean$0(AbstractBeanFactory.java:335)
	at org.springframework.beans.factory.support.DefaultSingletonBeanRegistry.getSingleton(DefaultSingletonBeanRegistry.java:234)
	at org.springframework.beans.factory.support.AbstractBeanFactory.doGetBean(AbstractBeanFactory.java:333)
	at org.springframework.beans.factory.support.AbstractBeanFactory.getBean(AbstractBeanFactory.java:208)
	at org.springframework.beans.factory.support.DefaultListableBeanFactory.preInstantiateSingletons(DefaultListableBeanFactory.java:955)
	at org.springframework.context.support.AbstractApplicationContext.finishBeanFactoryInitialization(AbstractApplicationContext.java:929)
	at org.springframework.context.support.AbstractApplicationContext.refresh(AbstractApplicationContext.java:591)
	at org.springframework.boot.SpringApplication.refresh(SpringApplication.java:732)
	at org.springframework.boot.SpringApplication.refreshContext(SpringApplication.java:409)
	at org.springframework.boot.SpringApplication.run(SpringApplication.java:308)
	at org.springframework.boot.SpringApplication.run(SpringApplication.java:1300)
	at org.springframework.boot.SpringApplication.run(SpringApplication.java:1289)
	at PatchManagerApplication.main(PatchManagerApplication.java:12)
2024-04-10 11:06:28 [main] ERROR o.s.boot.SpringApplication - Application run failed
org.springframework.beans.factory.BeanCreationException: Error creating bean with name 'initPowerJob' defined in class path resource [tech/powerjob/worker/autoconfigure/PowerJobAutoConfiguration.class]: Invocation of init method failed; nested exception is tech.powerjob.common.exception.PowerJobException: http request failed,code=502
	at org.springframework.beans.factory.support.AbstractAutowireCapableBeanFactory.initializeBean(AbstractAutowireCapableBeanFactory.java:1804)
	at org.springframework.beans.factory.support.AbstractAutowireCapableBeanFactory.doCreateBean(AbstractAutowireCapableBeanFactory.java:620)
	at org.springframework.beans.factory.support.AbstractAutowireCapableBeanFactory.createBean(AbstractAutowireCapableBeanFactory.java:542)
	at org.springframework.beans.factory.support.AbstractBeanFactory.lambda$doGetBean$0(AbstractBeanFactory.java:335)
	at org.springframework.beans.factory.support.DefaultSingletonBeanRegistry.getSingleton(DefaultSingletonBeanRegistry.java:234)
	at org.springframework.beans.factory.support.AbstractBeanFactory.doGetBean(AbstractBeanFactory.java:333)
	at org.springframework.beans.factory.support.AbstractBeanFactory.getBean(AbstractBeanFactory.java:208)
	at org.springframework.beans.factory.support.DefaultListableBeanFactory.preInstantiateSingletons(DefaultListableBeanFactory.java:955)
	at org.springframework.context.support.AbstractApplicationContext.finishBeanFactoryInitialization(AbstractApplicationContext.java:929)
	at org.springframework.context.support.AbstractApplicationContext.refresh(AbstractApplicationContext.java:591)
	at org.springframework.boot.SpringApplication.refresh(SpringApplication.java:732)
	at org.springframework.boot.SpringApplication.refreshContext(SpringApplication.java:409)
	at org.springframework.boot.SpringApplication.run(SpringApplication.java:308)
	at org.springframework.boot.SpringApplication.run(SpringApplication.java:1300)
	at org.springframework.boot.SpringApplication.run(SpringApplication.java:1289)
	at PatchManagerApplication.main(PatchManagerApplication.java:12)
Caused by: tech.powerjob.common.exception.PowerJobException: http request failed,code=502
	at tech.powerjob.common.utils.HttpUtils.execute(HttpUtils.java:54)
	at tech.powerjob.common.utils.HttpUtils.get(HttpUtils.java:32)
	at tech.powerjob.worker.PowerJobWorker.lambda$assertAppName$0(PowerJobWorker.java:156)
	at tech.powerjob.common.utils.CommonUtils.executeWithRetry(CommonUtils.java:45)
	at tech.powerjob.common.utils.CommonUtils.executeWithRetry0(CommonUtils.java:49)
	at tech.powerjob.worker.PowerJobWorker.assertAppName(PowerJobWorker.java:156)
	at tech.powerjob.worker.PowerJobWorker.init(PowerJobWorker.java:79)
	at tech.powerjob.worker.PowerJobSpringWorker.afterPropertiesSet(PowerJobSpringWorker.java:40)
	at org.springframework.beans.factory.support.AbstractAutowireCapableBeanFactory.invokeInitMethods(AbstractAutowireCapableBeanFactory.java:1863)
	at org.springframework.beans.factory.support.AbstractAutowireCapableBeanFactory.initializeBean(AbstractAutowireCapableBeanFactory.java:1800)
	... 15 common frames omitted
2024-04-10 11:06:57 [main] ERROR o.s.boot.SpringApplication - Application run failed
org.springframework.beans.factory.BeanCreationException: Error creating bean with name 'initPowerJob' defined in class path resource [tech/powerjob/worker/autoconfigure/PowerJobAutoConfiguration.class]: Bean instantiation via factory method failed; nested exception is org.springframework.beans.BeanInstantiationException: Failed to instantiate [tech.powerjob.worker.PowerJobSpringWorker]: Factory method 'initPowerJob' threw exception; nested exception is tech.powerjob.common.exception.PowerJobException: serverAddress can't be empty! if you don't want to enable powerjob, please config program arguments: powerjob.worker.enabled=false
	at org.springframework.beans.factory.support.ConstructorResolver.instantiate(ConstructorResolver.java:653)
	at org.springframework.beans.factory.support.ConstructorResolver.instantiateUsingFactoryMethod(ConstructorResolver.java:633)
	at org.springframework.beans.factory.support.AbstractAutowireCapableBeanFactory.instantiateUsingFactoryMethod(AbstractAutowireCapableBeanFactory.java:1352)
	at org.springframework.beans.factory.support.AbstractAutowireCapableBeanFactory.createBeanInstance(AbstractAutowireCapableBeanFactory.java:1195)
	at org.springframework.beans.factory.support.AbstractAutowireCapableBeanFactory.doCreateBean(AbstractAutowireCapableBeanFactory.java:582)
	at org.springframework.beans.factory.support.AbstractAutowireCapableBeanFactory.createBean(AbstractAutowireCapableBeanFactory.java:542)
	at org.springframework.beans.factory.support.AbstractBeanFactory.lambda$doGetBean$0(AbstractBeanFactory.java:335)
	at org.springframework.beans.factory.support.DefaultSingletonBeanRegistry.getSingleton(DefaultSingletonBeanRegistry.java:234)
	at org.springframework.beans.factory.support.AbstractBeanFactory.doGetBean(AbstractBeanFactory.java:333)
	at org.springframework.beans.factory.support.AbstractBeanFactory.getBean(AbstractBeanFactory.java:208)
	at org.springframework.beans.factory.support.DefaultListableBeanFactory.preInstantiateSingletons(DefaultListableBeanFactory.java:955)
	at org.springframework.context.support.AbstractApplicationContext.finishBeanFactoryInitialization(AbstractApplicationContext.java:929)
	at org.springframework.context.support.AbstractApplicationContext.refresh(AbstractApplicationContext.java:591)
	at org.springframework.boot.SpringApplication.refresh(SpringApplication.java:732)
	at org.springframework.boot.SpringApplication.refreshContext(SpringApplication.java:409)
	at org.springframework.boot.SpringApplication.run(SpringApplication.java:308)
	at org.springframework.boot.SpringApplication.run(SpringApplication.java:1300)
	at org.springframework.boot.SpringApplication.run(SpringApplication.java:1289)
	at PatchManagerApplication.main(PatchManagerApplication.java:12)
Caused by: org.springframework.beans.BeanInstantiationException: Failed to instantiate [tech.powerjob.worker.PowerJobSpringWorker]: Factory method 'initPowerJob' threw exception; nested exception is tech.powerjob.common.exception.PowerJobException: serverAddress can't be empty! if you don't want to enable powerjob, please config program arguments: powerjob.worker.enabled=false
	at org.springframework.beans.factory.support.SimpleInstantiationStrategy.instantiate(SimpleInstantiationStrategy.java:185)
	at org.springframework.beans.factory.support.ConstructorResolver.instantiate(ConstructorResolver.java:648)
	... 18 common frames omitted
Caused by: tech.powerjob.common.exception.PowerJobException: serverAddress can't be empty! if you don't want to enable powerjob, please config program arguments: powerjob.worker.enabled=false
	at tech.powerjob.common.utils.CommonUtils.requireNonNull(CommonUtils.java:124)
	at tech.powerjob.worker.autoconfigure.PowerJobAutoConfiguration.initPowerJob(PowerJobAutoConfiguration.java:37)
	at tech.powerjob.worker.autoconfigure.PowerJobAutoConfiguration$$EnhancerBySpringCGLIB$$a1c93901.CGLIB$initPowerJob$0(<generated>)
	at tech.powerjob.worker.autoconfigure.PowerJobAutoConfiguration$$EnhancerBySpringCGLIB$$a1c93901$$FastClassBySpringCGLIB$$2c66f200.invoke(<generated>)
	at org.springframework.cglib.proxy.MethodProxy.invokeSuper(MethodProxy.java:244)
	at org.springframework.context.annotation.ConfigurationClassEnhancer$BeanMethodInterceptor.intercept(ConfigurationClassEnhancer.java:331)
	at tech.powerjob.worker.autoconfigure.PowerJobAutoConfiguration$$EnhancerBySpringCGLIB$$a1c93901.initPowerJob(<generated>)
	at sun.reflect.NativeMethodAccessorImpl.invoke0(Native Method)
	at sun.reflect.NativeMethodAccessorImpl.invoke(NativeMethodAccessorImpl.java:62)
	at sun.reflect.DelegatingMethodAccessorImpl.invoke(DelegatingMethodAccessorImpl.java:43)
	at java.lang.reflect.Method.invoke(Method.java:498)
	at org.springframework.beans.factory.support.SimpleInstantiationStrategy.instantiate(SimpleInstantiationStrategy.java:154)
	... 19 common frames omitted
2024-04-10 11:09:09 [main] ERROR o.s.boot.SpringApplication - Application run failed
org.springframework.beans.factory.BeanCreationException: Error creating bean with name 'initPowerJob' defined in class path resource [tech/powerjob/worker/autoconfigure/PowerJobAutoConfiguration.class]: Bean instantiation via factory method failed; nested exception is org.springframework.beans.BeanInstantiationException: Failed to instantiate [tech.powerjob.worker.PowerJobSpringWorker]: Factory method 'initPowerJob' threw exception; nested exception is tech.powerjob.common.exception.PowerJobException: serverAddress can't be empty! if you don't want to enable powerjob, please config program arguments: powerjob.worker.enabled=false
	at org.springframework.beans.factory.support.ConstructorResolver.instantiate(ConstructorResolver.java:653)
	at org.springframework.beans.factory.support.ConstructorResolver.instantiateUsingFactoryMethod(ConstructorResolver.java:633)
	at org.springframework.beans.factory.support.AbstractAutowireCapableBeanFactory.instantiateUsingFactoryMethod(AbstractAutowireCapableBeanFactory.java:1352)
	at org.springframework.beans.factory.support.AbstractAutowireCapableBeanFactory.createBeanInstance(AbstractAutowireCapableBeanFactory.java:1195)
	at org.springframework.beans.factory.support.AbstractAutowireCapableBeanFactory.doCreateBean(AbstractAutowireCapableBeanFactory.java:582)
	at org.springframework.beans.factory.support.AbstractAutowireCapableBeanFactory.createBean(AbstractAutowireCapableBeanFactory.java:542)
	at org.springframework.beans.factory.support.AbstractBeanFactory.lambda$doGetBean$0(AbstractBeanFactory.java:335)
	at org.springframework.beans.factory.support.DefaultSingletonBeanRegistry.getSingleton(DefaultSingletonBeanRegistry.java:234)
	at org.springframework.beans.factory.support.AbstractBeanFactory.doGetBean(AbstractBeanFactory.java:333)
	at org.springframework.beans.factory.support.AbstractBeanFactory.getBean(AbstractBeanFactory.java:208)
	at org.springframework.beans.factory.support.DefaultListableBeanFactory.preInstantiateSingletons(DefaultListableBeanFactory.java:955)
	at org.springframework.context.support.AbstractApplicationContext.finishBeanFactoryInitialization(AbstractApplicationContext.java:929)
	at org.springframework.context.support.AbstractApplicationContext.refresh(AbstractApplicationContext.java:591)
	at org.springframework.boot.SpringApplication.refresh(SpringApplication.java:732)
	at org.springframework.boot.SpringApplication.refreshContext(SpringApplication.java:409)
	at org.springframework.boot.SpringApplication.run(SpringApplication.java:308)
	at org.springframework.boot.SpringApplication.run(SpringApplication.java:1300)
	at org.springframework.boot.SpringApplication.run(SpringApplication.java:1289)
	at PatchManagerApplication.main(PatchManagerApplication.java:12)
Caused by: org.springframework.beans.BeanInstantiationException: Failed to instantiate [tech.powerjob.worker.PowerJobSpringWorker]: Factory method 'initPowerJob' threw exception; nested exception is tech.powerjob.common.exception.PowerJobException: serverAddress can't be empty! if you don't want to enable powerjob, please config program arguments: powerjob.worker.enabled=false
	at org.springframework.beans.factory.support.SimpleInstantiationStrategy.instantiate(SimpleInstantiationStrategy.java:185)
	at org.springframework.beans.factory.support.ConstructorResolver.instantiate(ConstructorResolver.java:648)
	... 18 common frames omitted
Caused by: tech.powerjob.common.exception.PowerJobException: serverAddress can't be empty! if you don't want to enable powerjob, please config program arguments: powerjob.worker.enabled=false
	at tech.powerjob.common.utils.CommonUtils.requireNonNull(CommonUtils.java:124)
	at tech.powerjob.worker.autoconfigure.PowerJobAutoConfiguration.initPowerJob(PowerJobAutoConfiguration.java:37)
	at tech.powerjob.worker.autoconfigure.PowerJobAutoConfiguration$$EnhancerBySpringCGLIB$$deb2775e.CGLIB$initPowerJob$0(<generated>)
	at tech.powerjob.worker.autoconfigure.PowerJobAutoConfiguration$$EnhancerBySpringCGLIB$$deb2775e$$FastClassBySpringCGLIB$$20b8cf74.invoke(<generated>)
	at org.springframework.cglib.proxy.MethodProxy.invokeSuper(MethodProxy.java:244)
	at org.springframework.context.annotation.ConfigurationClassEnhancer$BeanMethodInterceptor.intercept(ConfigurationClassEnhancer.java:331)
	at tech.powerjob.worker.autoconfigure.PowerJobAutoConfiguration$$EnhancerBySpringCGLIB$$deb2775e.initPowerJob(<generated>)
	at sun.reflect.NativeMethodAccessorImpl.invoke0(Native Method)
	at sun.reflect.NativeMethodAccessorImpl.invoke(NativeMethodAccessorImpl.java:62)
	at sun.reflect.DelegatingMethodAccessorImpl.invoke(DelegatingMethodAccessorImpl.java:43)
	at java.lang.reflect.Method.invoke(Method.java:498)
	at org.springframework.beans.factory.support.SimpleInstantiationStrategy.instantiate(SimpleInstantiationStrategy.java:154)
	... 19 common frames omitted
2024-04-10 11:10:04 [main] ERROR o.s.boot.SpringApplication - Application run failed
org.springframework.beans.factory.BeanCreationException: Error creating bean with name 'initPowerJob' defined in class path resource [tech/powerjob/worker/autoconfigure/PowerJobAutoConfiguration.class]: Bean instantiation via factory method failed; nested exception is org.springframework.beans.BeanInstantiationException: Failed to instantiate [tech.powerjob.worker.PowerJobSpringWorker]: Factory method 'initPowerJob' threw exception; nested exception is tech.powerjob.common.exception.PowerJobException: serverAddress can't be empty! if you don't want to enable powerjob, please config program arguments: powerjob.worker.enabled=false
	at org.springframework.beans.factory.support.ConstructorResolver.instantiate(ConstructorResolver.java:653)
	at org.springframework.beans.factory.support.ConstructorResolver.instantiateUsingFactoryMethod(ConstructorResolver.java:633)
	at org.springframework.beans.factory.support.AbstractAutowireCapableBeanFactory.instantiateUsingFactoryMethod(AbstractAutowireCapableBeanFactory.java:1352)
	at org.springframework.beans.factory.support.AbstractAutowireCapableBeanFactory.createBeanInstance(AbstractAutowireCapableBeanFactory.java:1195)
	at org.springframework.beans.factory.support.AbstractAutowireCapableBeanFactory.doCreateBean(AbstractAutowireCapableBeanFactory.java:582)
	at org.springframework.beans.factory.support.AbstractAutowireCapableBeanFactory.createBean(AbstractAutowireCapableBeanFactory.java:542)
	at org.springframework.beans.factory.support.AbstractBeanFactory.lambda$doGetBean$0(AbstractBeanFactory.java:335)
	at org.springframework.beans.factory.support.DefaultSingletonBeanRegistry.getSingleton(DefaultSingletonBeanRegistry.java:234)
	at org.springframework.beans.factory.support.AbstractBeanFactory.doGetBean(AbstractBeanFactory.java:333)
	at org.springframework.beans.factory.support.AbstractBeanFactory.getBean(AbstractBeanFactory.java:208)
	at org.springframework.beans.factory.support.DefaultListableBeanFactory.preInstantiateSingletons(DefaultListableBeanFactory.java:955)
	at org.springframework.context.support.AbstractApplicationContext.finishBeanFactoryInitialization(AbstractApplicationContext.java:929)
	at org.springframework.context.support.AbstractApplicationContext.refresh(AbstractApplicationContext.java:591)
	at org.springframework.boot.SpringApplication.refresh(SpringApplication.java:732)
	at org.springframework.boot.SpringApplication.refreshContext(SpringApplication.java:409)
	at org.springframework.boot.SpringApplication.run(SpringApplication.java:308)
	at org.springframework.boot.SpringApplication.run(SpringApplication.java:1300)
	at org.springframework.boot.SpringApplication.run(SpringApplication.java:1289)
	at PatchManagerApplication.main(PatchManagerApplication.java:12)
Caused by: org.springframework.beans.BeanInstantiationException: Failed to instantiate [tech.powerjob.worker.PowerJobSpringWorker]: Factory method 'initPowerJob' threw exception; nested exception is tech.powerjob.common.exception.PowerJobException: serverAddress can't be empty! if you don't want to enable powerjob, please config program arguments: powerjob.worker.enabled=false
	at org.springframework.beans.factory.support.SimpleInstantiationStrategy.instantiate(SimpleInstantiationStrategy.java:185)
	at org.springframework.beans.factory.support.ConstructorResolver.instantiate(ConstructorResolver.java:648)
	... 18 common frames omitted
Caused by: tech.powerjob.common.exception.PowerJobException: serverAddress can't be empty! if you don't want to enable powerjob, please config program arguments: powerjob.worker.enabled=false
	at tech.powerjob.common.utils.CommonUtils.requireNonNull(CommonUtils.java:124)
	at tech.powerjob.worker.autoconfigure.PowerJobAutoConfiguration.initPowerJob(PowerJobAutoConfiguration.java:37)
	at tech.powerjob.worker.autoconfigure.PowerJobAutoConfiguration$$EnhancerBySpringCGLIB$$b09d8321.CGLIB$initPowerJob$0(<generated>)
	at tech.powerjob.worker.autoconfigure.PowerJobAutoConfiguration$$EnhancerBySpringCGLIB$$b09d8321$$FastClassBySpringCGLIB$$1a167bc6.invoke(<generated>)
	at org.springframework.cglib.proxy.MethodProxy.invokeSuper(MethodProxy.java:244)
	at org.springframework.context.annotation.ConfigurationClassEnhancer$BeanMethodInterceptor.intercept(ConfigurationClassEnhancer.java:331)
	at tech.powerjob.worker.autoconfigure.PowerJobAutoConfiguration$$EnhancerBySpringCGLIB$$b09d8321.initPowerJob(<generated>)
	at sun.reflect.NativeMethodAccessorImpl.invoke0(Native Method)
	at sun.reflect.NativeMethodAccessorImpl.invoke(NativeMethodAccessorImpl.java:62)
	at sun.reflect.DelegatingMethodAccessorImpl.invoke(DelegatingMethodAccessorImpl.java:43)
	at java.lang.reflect.Method.invoke(Method.java:498)
	at org.springframework.beans.factory.support.SimpleInstantiationStrategy.instantiate(SimpleInstantiationStrategy.java:154)
	... 19 common frames omitted
2024-04-10 11:11:25 [main] ERROR o.s.boot.SpringApplication - Application run failed
org.springframework.beans.factory.BeanCreationException: Error creating bean with name 'initPowerJob' defined in class path resource [tech/powerjob/worker/autoconfigure/PowerJobAutoConfiguration.class]: Bean instantiation via factory method failed; nested exception is org.springframework.beans.BeanInstantiationException: Failed to instantiate [tech.powerjob.worker.PowerJobSpringWorker]: Factory method 'initPowerJob' threw exception; nested exception is tech.powerjob.common.exception.PowerJobException: serverAddress can't be empty! if you don't want to enable powerjob, please config program arguments: powerjob.worker.enabled=false
	at org.springframework.beans.factory.support.ConstructorResolver.instantiate(ConstructorResolver.java:653)
	at org.springframework.beans.factory.support.ConstructorResolver.instantiateUsingFactoryMethod(ConstructorResolver.java:633)
	at org.springframework.beans.factory.support.AbstractAutowireCapableBeanFactory.instantiateUsingFactoryMethod(AbstractAutowireCapableBeanFactory.java:1352)
	at org.springframework.beans.factory.support.AbstractAutowireCapableBeanFactory.createBeanInstance(AbstractAutowireCapableBeanFactory.java:1195)
	at org.springframework.beans.factory.support.AbstractAutowireCapableBeanFactory.doCreateBean(AbstractAutowireCapableBeanFactory.java:582)
	at org.springframework.beans.factory.support.AbstractAutowireCapableBeanFactory.createBean(AbstractAutowireCapableBeanFactory.java:542)
	at org.springframework.beans.factory.support.AbstractBeanFactory.lambda$doGetBean$0(AbstractBeanFactory.java:335)
	at org.springframework.beans.factory.support.DefaultSingletonBeanRegistry.getSingleton(DefaultSingletonBeanRegistry.java:234)
	at org.springframework.beans.factory.support.AbstractBeanFactory.doGetBean(AbstractBeanFactory.java:333)
	at org.springframework.beans.factory.support.AbstractBeanFactory.getBean(AbstractBeanFactory.java:208)
	at org.springframework.beans.factory.support.DefaultListableBeanFactory.preInstantiateSingletons(DefaultListableBeanFactory.java:955)
	at org.springframework.context.support.AbstractApplicationContext.finishBeanFactoryInitialization(AbstractApplicationContext.java:929)
	at org.springframework.context.support.AbstractApplicationContext.refresh(AbstractApplicationContext.java:591)
	at org.springframework.boot.SpringApplication.refresh(SpringApplication.java:732)
	at org.springframework.boot.SpringApplication.refreshContext(SpringApplication.java:409)
	at org.springframework.boot.SpringApplication.run(SpringApplication.java:308)
	at org.springframework.boot.SpringApplication.run(SpringApplication.java:1300)
	at org.springframework.boot.SpringApplication.run(SpringApplication.java:1289)
	at PatchManagerApplication.main(PatchManagerApplication.java:12)
Caused by: org.springframework.beans.BeanInstantiationException: Failed to instantiate [tech.powerjob.worker.PowerJobSpringWorker]: Factory method 'initPowerJob' threw exception; nested exception is tech.powerjob.common.exception.PowerJobException: serverAddress can't be empty! if you don't want to enable powerjob, please config program arguments: powerjob.worker.enabled=false
	at org.springframework.beans.factory.support.SimpleInstantiationStrategy.instantiate(SimpleInstantiationStrategy.java:185)
	at org.springframework.beans.factory.support.ConstructorResolver.instantiate(ConstructorResolver.java:648)
	... 18 common frames omitted
Caused by: tech.powerjob.common.exception.PowerJobException: serverAddress can't be empty! if you don't want to enable powerjob, please config program arguments: powerjob.worker.enabled=false
	at tech.powerjob.common.utils.CommonUtils.requireNonNull(CommonUtils.java:124)
	at tech.powerjob.worker.autoconfigure.PowerJobAutoConfiguration.initPowerJob(PowerJobAutoConfiguration.java:37)
	at tech.powerjob.worker.autoconfigure.PowerJobAutoConfiguration$$EnhancerBySpringCGLIB$$e85c20a3.CGLIB$initPowerJob$0(<generated>)
	at tech.powerjob.worker.autoconfigure.PowerJobAutoConfiguration$$EnhancerBySpringCGLIB$$e85c20a3$$FastClassBySpringCGLIB$$f207a2a4.invoke(<generated>)
	at org.springframework.cglib.proxy.MethodProxy.invokeSuper(MethodProxy.java:244)
	at org.springframework.context.annotation.ConfigurationClassEnhancer$BeanMethodInterceptor.intercept(ConfigurationClassEnhancer.java:331)
	at tech.powerjob.worker.autoconfigure.PowerJobAutoConfiguration$$EnhancerBySpringCGLIB$$e85c20a3.initPowerJob(<generated>)
	at sun.reflect.NativeMethodAccessorImpl.invoke0(Native Method)
	at sun.reflect.NativeMethodAccessorImpl.invoke(NativeMethodAccessorImpl.java:62)
	at sun.reflect.DelegatingMethodAccessorImpl.invoke(DelegatingMethodAccessorImpl.java:43)
	at java.lang.reflect.Method.invoke(Method.java:498)
	at org.springframework.beans.factory.support.SimpleInstantiationStrategy.instantiate(SimpleInstantiationStrategy.java:154)
	... 19 common frames omitted
2024-04-10 11:14:11 [main] ERROR o.s.boot.SpringApplication - Application run failed
org.springframework.beans.factory.BeanCreationException: Error creating bean with name 'initPowerJob' defined in class path resource [tech/powerjob/worker/autoconfigure/PowerJobAutoConfiguration.class]: Bean instantiation via factory method failed; nested exception is org.springframework.beans.BeanInstantiationException: Failed to instantiate [tech.powerjob.worker.PowerJobSpringWorker]: Factory method 'initPowerJob' threw exception; nested exception is tech.powerjob.common.exception.PowerJobException: serverAddress can't be empty! if you don't want to enable powerjob, please config program arguments: powerjob.worker.enabled=false
	at org.springframework.beans.factory.support.ConstructorResolver.instantiate(ConstructorResolver.java:653)
	at org.springframework.beans.factory.support.ConstructorResolver.instantiateUsingFactoryMethod(ConstructorResolver.java:633)
	at org.springframework.beans.factory.support.AbstractAutowireCapableBeanFactory.instantiateUsingFactoryMethod(AbstractAutowireCapableBeanFactory.java:1352)
	at org.springframework.beans.factory.support.AbstractAutowireCapableBeanFactory.createBeanInstance(AbstractAutowireCapableBeanFactory.java:1195)
	at org.springframework.beans.factory.support.AbstractAutowireCapableBeanFactory.doCreateBean(AbstractAutowireCapableBeanFactory.java:582)
	at org.springframework.beans.factory.support.AbstractAutowireCapableBeanFactory.createBean(AbstractAutowireCapableBeanFactory.java:542)
	at org.springframework.beans.factory.support.AbstractBeanFactory.lambda$doGetBean$0(AbstractBeanFactory.java:335)
	at org.springframework.beans.factory.support.DefaultSingletonBeanRegistry.getSingleton(DefaultSingletonBeanRegistry.java:234)
	at org.springframework.beans.factory.support.AbstractBeanFactory.doGetBean(AbstractBeanFactory.java:333)
	at org.springframework.beans.factory.support.AbstractBeanFactory.getBean(AbstractBeanFactory.java:208)
	at org.springframework.beans.factory.support.DefaultListableBeanFactory.preInstantiateSingletons(DefaultListableBeanFactory.java:955)
	at org.springframework.context.support.AbstractApplicationContext.finishBeanFactoryInitialization(AbstractApplicationContext.java:929)
	at org.springframework.context.support.AbstractApplicationContext.refresh(AbstractApplicationContext.java:591)
	at org.springframework.boot.SpringApplication.refresh(SpringApplication.java:732)
	at org.springframework.boot.SpringApplication.refreshContext(SpringApplication.java:409)
	at org.springframework.boot.SpringApplication.run(SpringApplication.java:308)
	at org.springframework.boot.SpringApplication.run(SpringApplication.java:1300)
	at org.springframework.boot.SpringApplication.run(SpringApplication.java:1289)
	at PatchManagerApplication.main(PatchManagerApplication.java:12)
Caused by: org.springframework.beans.BeanInstantiationException: Failed to instantiate [tech.powerjob.worker.PowerJobSpringWorker]: Factory method 'initPowerJob' threw exception; nested exception is tech.powerjob.common.exception.PowerJobException: serverAddress can't be empty! if you don't want to enable powerjob, please config program arguments: powerjob.worker.enabled=false
	at org.springframework.beans.factory.support.SimpleInstantiationStrategy.instantiate(SimpleInstantiationStrategy.java:185)
	at org.springframework.beans.factory.support.ConstructorResolver.instantiate(ConstructorResolver.java:648)
	... 18 common frames omitted
Caused by: tech.powerjob.common.exception.PowerJobException: serverAddress can't be empty! if you don't want to enable powerjob, please config program arguments: powerjob.worker.enabled=false
	at tech.powerjob.common.utils.CommonUtils.requireNonNull(CommonUtils.java:124)
	at tech.powerjob.worker.autoconfigure.PowerJobAutoConfiguration.initPowerJob(PowerJobAutoConfiguration.java:37)
	at tech.powerjob.worker.autoconfigure.PowerJobAutoConfiguration$$EnhancerBySpringCGLIB$$e7bb5a79.CGLIB$initPowerJob$0(<generated>)
	at tech.powerjob.worker.autoconfigure.PowerJobAutoConfiguration$$EnhancerBySpringCGLIB$$e7bb5a79$$FastClassBySpringCGLIB$$9df73d3.invoke(<generated>)
	at org.springframework.cglib.proxy.MethodProxy.invokeSuper(MethodProxy.java:244)
	at org.springframework.context.annotation.ConfigurationClassEnhancer$BeanMethodInterceptor.intercept(ConfigurationClassEnhancer.java:331)
	at tech.powerjob.worker.autoconfigure.PowerJobAutoConfiguration$$EnhancerBySpringCGLIB$$e7bb5a79.initPowerJob(<generated>)
	at sun.reflect.NativeMethodAccessorImpl.invoke0(Native Method)
	at sun.reflect.NativeMethodAccessorImpl.invoke(NativeMethodAccessorImpl.java:62)
	at sun.reflect.DelegatingMethodAccessorImpl.invoke(DelegatingMethodAccessorImpl.java:43)
	at java.lang.reflect.Method.invoke(Method.java:498)
	at org.springframework.beans.factory.support.SimpleInstantiationStrategy.instantiate(SimpleInstantiationStrategy.java:154)
	... 19 common frames omitted
2024-04-10 11:21:39 [main] ERROR o.s.boot.SpringApplication - Application run failed
org.springframework.beans.factory.BeanCreationException: Error creating bean with name 'initPowerJob' defined in class path resource [tech/powerjob/worker/autoconfigure/PowerJobAutoConfiguration.class]: Bean instantiation via factory method failed; nested exception is org.springframework.beans.BeanInstantiationException: Failed to instantiate [tech.powerjob.worker.PowerJobSpringWorker]: Factory method 'initPowerJob' threw exception; nested exception is tech.powerjob.common.exception.PowerJobException: serverAddress can't be empty! if you don't want to enable powerjob, please config program arguments: powerjob.worker.enabled=false
	at org.springframework.beans.factory.support.ConstructorResolver.instantiate(ConstructorResolver.java:653)
	at org.springframework.beans.factory.support.ConstructorResolver.instantiateUsingFactoryMethod(ConstructorResolver.java:633)
	at org.springframework.beans.factory.support.AbstractAutowireCapableBeanFactory.instantiateUsingFactoryMethod(AbstractAutowireCapableBeanFactory.java:1352)
	at org.springframework.beans.factory.support.AbstractAutowireCapableBeanFactory.createBeanInstance(AbstractAutowireCapableBeanFactory.java:1195)
	at org.springframework.beans.factory.support.AbstractAutowireCapableBeanFactory.doCreateBean(AbstractAutowireCapableBeanFactory.java:582)
	at org.springframework.beans.factory.support.AbstractAutowireCapableBeanFactory.createBean(AbstractAutowireCapableBeanFactory.java:542)
	at org.springframework.beans.factory.support.AbstractBeanFactory.lambda$doGetBean$0(AbstractBeanFactory.java:335)
	at org.springframework.beans.factory.support.DefaultSingletonBeanRegistry.getSingleton(DefaultSingletonBeanRegistry.java:234)
	at org.springframework.beans.factory.support.AbstractBeanFactory.doGetBean(AbstractBeanFactory.java:333)
	at org.springframework.beans.factory.support.AbstractBeanFactory.getBean(AbstractBeanFactory.java:208)
	at org.springframework.beans.factory.support.DefaultListableBeanFactory.preInstantiateSingletons(DefaultListableBeanFactory.java:955)
	at org.springframework.context.support.AbstractApplicationContext.finishBeanFactoryInitialization(AbstractApplicationContext.java:929)
	at org.springframework.context.support.AbstractApplicationContext.refresh(AbstractApplicationContext.java:591)
	at org.springframework.boot.SpringApplication.refresh(SpringApplication.java:732)
	at org.springframework.boot.SpringApplication.refreshContext(SpringApplication.java:409)
	at org.springframework.boot.SpringApplication.run(SpringApplication.java:308)
	at org.springframework.boot.SpringApplication.run(SpringApplication.java:1300)
	at org.springframework.boot.SpringApplication.run(SpringApplication.java:1289)
	at PatchManagerApplication.main(PatchManagerApplication.java:12)
Caused by: org.springframework.beans.BeanInstantiationException: Failed to instantiate [tech.powerjob.worker.PowerJobSpringWorker]: Factory method 'initPowerJob' threw exception; nested exception is tech.powerjob.common.exception.PowerJobException: serverAddress can't be empty! if you don't want to enable powerjob, please config program arguments: powerjob.worker.enabled=false
	at org.springframework.beans.factory.support.SimpleInstantiationStrategy.instantiate(SimpleInstantiationStrategy.java:185)
	at org.springframework.beans.factory.support.ConstructorResolver.instantiate(ConstructorResolver.java:648)
	... 18 common frames omitted
Caused by: tech.powerjob.common.exception.PowerJobException: serverAddress can't be empty! if you don't want to enable powerjob, please config program arguments: powerjob.worker.enabled=false
	at tech.powerjob.common.utils.CommonUtils.requireNonNull(CommonUtils.java:124)
	at tech.powerjob.worker.autoconfigure.PowerJobAutoConfiguration.initPowerJob(PowerJobAutoConfiguration.java:37)
	at tech.powerjob.worker.autoconfigure.PowerJobAutoConfiguration$$EnhancerBySpringCGLIB$$a112b66d.CGLIB$initPowerJob$0(<generated>)
	at tech.powerjob.worker.autoconfigure.PowerJobAutoConfiguration$$EnhancerBySpringCGLIB$$a112b66d$$FastClassBySpringCGLIB$$d6c75186.invoke(<generated>)
	at org.springframework.cglib.proxy.MethodProxy.invokeSuper(MethodProxy.java:244)
	at org.springframework.context.annotation.ConfigurationClassEnhancer$BeanMethodInterceptor.intercept(ConfigurationClassEnhancer.java:331)
	at tech.powerjob.worker.autoconfigure.PowerJobAutoConfiguration$$EnhancerBySpringCGLIB$$a112b66d.initPowerJob(<generated>)
	at sun.reflect.NativeMethodAccessorImpl.invoke0(Native Method)
	at sun.reflect.NativeMethodAccessorImpl.invoke(NativeMethodAccessorImpl.java:62)
	at sun.reflect.DelegatingMethodAccessorImpl.invoke(DelegatingMethodAccessorImpl.java:43)
	at java.lang.reflect.Method.invoke(Method.java:498)
	at org.springframework.beans.factory.support.SimpleInstantiationStrategy.instantiate(SimpleInstantiationStrategy.java:154)
	... 19 common frames omitted
2024-04-10 11:23:30 [main] ERROR o.s.boot.SpringApplication - Application run failed
org.springframework.beans.factory.BeanCreationException: Error creating bean with name 'initPowerJob' defined in class path resource [tech/powerjob/worker/autoconfigure/PowerJobAutoConfiguration.class]: Bean instantiation via factory method failed; nested exception is org.springframework.beans.BeanInstantiationException: Failed to instantiate [tech.powerjob.worker.PowerJobSpringWorker]: Factory method 'initPowerJob' threw exception; nested exception is tech.powerjob.common.exception.PowerJobException: serverAddress can't be empty! if you don't want to enable powerjob, please config program arguments: powerjob.worker.enabled=false
	at org.springframework.beans.factory.support.ConstructorResolver.instantiate(ConstructorResolver.java:653)
	at org.springframework.beans.factory.support.ConstructorResolver.instantiateUsingFactoryMethod(ConstructorResolver.java:633)
	at org.springframework.beans.factory.support.AbstractAutowireCapableBeanFactory.instantiateUsingFactoryMethod(AbstractAutowireCapableBeanFactory.java:1352)
	at org.springframework.beans.factory.support.AbstractAutowireCapableBeanFactory.createBeanInstance(AbstractAutowireCapableBeanFactory.java:1195)
	at org.springframework.beans.factory.support.AbstractAutowireCapableBeanFactory.doCreateBean(AbstractAutowireCapableBeanFactory.java:582)
	at org.springframework.beans.factory.support.AbstractAutowireCapableBeanFactory.createBean(AbstractAutowireCapableBeanFactory.java:542)
	at org.springframework.beans.factory.support.AbstractBeanFactory.lambda$doGetBean$0(AbstractBeanFactory.java:335)
	at org.springframework.beans.factory.support.DefaultSingletonBeanRegistry.getSingleton(DefaultSingletonBeanRegistry.java:234)
	at org.springframework.beans.factory.support.AbstractBeanFactory.doGetBean(AbstractBeanFactory.java:333)
	at org.springframework.beans.factory.support.AbstractBeanFactory.getBean(AbstractBeanFactory.java:208)
	at org.springframework.beans.factory.support.DefaultListableBeanFactory.preInstantiateSingletons(DefaultListableBeanFactory.java:955)
	at org.springframework.context.support.AbstractApplicationContext.finishBeanFactoryInitialization(AbstractApplicationContext.java:929)
	at org.springframework.context.support.AbstractApplicationContext.refresh(AbstractApplicationContext.java:591)
	at org.springframework.boot.SpringApplication.refresh(SpringApplication.java:732)
	at org.springframework.boot.SpringApplication.refreshContext(SpringApplication.java:409)
	at org.springframework.boot.SpringApplication.run(SpringApplication.java:308)
	at org.springframework.boot.SpringApplication.run(SpringApplication.java:1300)
	at org.springframework.boot.SpringApplication.run(SpringApplication.java:1289)
	at com.gykj.patch.manager.PatchManagerApplication.main(PatchManagerApplication.java:12)
Caused by: org.springframework.beans.BeanInstantiationException: Failed to instantiate [tech.powerjob.worker.PowerJobSpringWorker]: Factory method 'initPowerJob' threw exception; nested exception is tech.powerjob.common.exception.PowerJobException: serverAddress can't be empty! if you don't want to enable powerjob, please config program arguments: powerjob.worker.enabled=false
	at org.springframework.beans.factory.support.SimpleInstantiationStrategy.instantiate(SimpleInstantiationStrategy.java:185)
	at org.springframework.beans.factory.support.ConstructorResolver.instantiate(ConstructorResolver.java:648)
	... 18 common frames omitted
Caused by: tech.powerjob.common.exception.PowerJobException: serverAddress can't be empty! if you don't want to enable powerjob, please config program arguments: powerjob.worker.enabled=false
	at tech.powerjob.common.utils.CommonUtils.requireNonNull(CommonUtils.java:124)
	at tech.powerjob.worker.autoconfigure.PowerJobAutoConfiguration.initPowerJob(PowerJobAutoConfiguration.java:37)
	at tech.powerjob.worker.autoconfigure.PowerJobAutoConfiguration$$EnhancerBySpringCGLIB$$a112b66d.CGLIB$initPowerJob$0(<generated>)
	at tech.powerjob.worker.autoconfigure.PowerJobAutoConfiguration$$EnhancerBySpringCGLIB$$a112b66d$$FastClassBySpringCGLIB$$d6c75186.invoke(<generated>)
	at org.springframework.cglib.proxy.MethodProxy.invokeSuper(MethodProxy.java:244)
	at org.springframework.context.annotation.ConfigurationClassEnhancer$BeanMethodInterceptor.intercept(ConfigurationClassEnhancer.java:331)
	at tech.powerjob.worker.autoconfigure.PowerJobAutoConfiguration$$EnhancerBySpringCGLIB$$a112b66d.initPowerJob(<generated>)
	at sun.reflect.NativeMethodAccessorImpl.invoke0(Native Method)
	at sun.reflect.NativeMethodAccessorImpl.invoke(NativeMethodAccessorImpl.java:62)
	at sun.reflect.DelegatingMethodAccessorImpl.invoke(DelegatingMethodAccessorImpl.java:43)
	at java.lang.reflect.Method.invoke(Method.java:498)
	at org.springframework.beans.factory.support.SimpleInstantiationStrategy.instantiate(SimpleInstantiationStrategy.java:154)
	... 19 common frames omitted
2024-04-10 11:24:16 [main] ERROR o.s.boot.SpringApplication - Application run failed
org.springframework.beans.factory.BeanCreationException: Error creating bean with name 'initPowerJob' defined in class path resource [tech/powerjob/worker/autoconfigure/PowerJobAutoConfiguration.class]: Bean instantiation via factory method failed; nested exception is org.springframework.beans.BeanInstantiationException: Failed to instantiate [tech.powerjob.worker.PowerJobSpringWorker]: Factory method 'initPowerJob' threw exception; nested exception is tech.powerjob.common.exception.PowerJobException: serverAddress can't be empty! if you don't want to enable powerjob, please config program arguments: powerjob.worker.enabled=false
	at org.springframework.beans.factory.support.ConstructorResolver.instantiate(ConstructorResolver.java:653)
	at org.springframework.beans.factory.support.ConstructorResolver.instantiateUsingFactoryMethod(ConstructorResolver.java:633)
	at org.springframework.beans.factory.support.AbstractAutowireCapableBeanFactory.instantiateUsingFactoryMethod(AbstractAutowireCapableBeanFactory.java:1352)
	at org.springframework.beans.factory.support.AbstractAutowireCapableBeanFactory.createBeanInstance(AbstractAutowireCapableBeanFactory.java:1195)
	at org.springframework.beans.factory.support.AbstractAutowireCapableBeanFactory.doCreateBean(AbstractAutowireCapableBeanFactory.java:582)
	at org.springframework.beans.factory.support.AbstractAutowireCapableBeanFactory.createBean(AbstractAutowireCapableBeanFactory.java:542)
	at org.springframework.beans.factory.support.AbstractBeanFactory.lambda$doGetBean$0(AbstractBeanFactory.java:335)
	at org.springframework.beans.factory.support.DefaultSingletonBeanRegistry.getSingleton(DefaultSingletonBeanRegistry.java:234)
	at org.springframework.beans.factory.support.AbstractBeanFactory.doGetBean(AbstractBeanFactory.java:333)
	at org.springframework.beans.factory.support.AbstractBeanFactory.getBean(AbstractBeanFactory.java:208)
	at org.springframework.beans.factory.support.DefaultListableBeanFactory.preInstantiateSingletons(DefaultListableBeanFactory.java:955)
	at org.springframework.context.support.AbstractApplicationContext.finishBeanFactoryInitialization(AbstractApplicationContext.java:929)
	at org.springframework.context.support.AbstractApplicationContext.refresh(AbstractApplicationContext.java:591)
	at org.springframework.boot.SpringApplication.refresh(SpringApplication.java:732)
	at org.springframework.boot.SpringApplication.refreshContext(SpringApplication.java:409)
	at org.springframework.boot.SpringApplication.run(SpringApplication.java:308)
	at org.springframework.boot.SpringApplication.run(SpringApplication.java:1300)
	at org.springframework.boot.SpringApplication.run(SpringApplication.java:1289)
	at com.gykj.patch.manager.PatchManagerApplication.main(PatchManagerApplication.java:12)
Caused by: org.springframework.beans.BeanInstantiationException: Failed to instantiate [tech.powerjob.worker.PowerJobSpringWorker]: Factory method 'initPowerJob' threw exception; nested exception is tech.powerjob.common.exception.PowerJobException: serverAddress can't be empty! if you don't want to enable powerjob, please config program arguments: powerjob.worker.enabled=false
	at org.springframework.beans.factory.support.SimpleInstantiationStrategy.instantiate(SimpleInstantiationStrategy.java:185)
	at org.springframework.beans.factory.support.ConstructorResolver.instantiate(ConstructorResolver.java:648)
	... 18 common frames omitted
Caused by: tech.powerjob.common.exception.PowerJobException: serverAddress can't be empty! if you don't want to enable powerjob, please config program arguments: powerjob.worker.enabled=false
	at tech.powerjob.common.utils.CommonUtils.requireNonNull(CommonUtils.java:124)
	at tech.powerjob.worker.autoconfigure.PowerJobAutoConfiguration.initPowerJob(PowerJobAutoConfiguration.java:37)
	at tech.powerjob.worker.autoconfigure.PowerJobAutoConfiguration$$EnhancerBySpringCGLIB$$a112b66d.CGLIB$initPowerJob$0(<generated>)
	at tech.powerjob.worker.autoconfigure.PowerJobAutoConfiguration$$EnhancerBySpringCGLIB$$a112b66d$$FastClassBySpringCGLIB$$d6c75186.invoke(<generated>)
	at org.springframework.cglib.proxy.MethodProxy.invokeSuper(MethodProxy.java:244)
	at org.springframework.context.annotation.ConfigurationClassEnhancer$BeanMethodInterceptor.intercept(ConfigurationClassEnhancer.java:331)
	at tech.powerjob.worker.autoconfigure.PowerJobAutoConfiguration$$EnhancerBySpringCGLIB$$a112b66d.initPowerJob(<generated>)
	at sun.reflect.NativeMethodAccessorImpl.invoke0(Native Method)
	at sun.reflect.NativeMethodAccessorImpl.invoke(NativeMethodAccessorImpl.java:62)
	at sun.reflect.DelegatingMethodAccessorImpl.invoke(DelegatingMethodAccessorImpl.java:43)
	at java.lang.reflect.Method.invoke(Method.java:498)
	at org.springframework.beans.factory.support.SimpleInstantiationStrategy.instantiate(SimpleInstantiationStrategy.java:154)
	... 19 common frames omitted
2024-04-10 11:25:53 [main] ERROR o.s.boot.SpringApplication - Application run failed
org.springframework.beans.factory.BeanCreationException: Error creating bean with name 'initPowerJob' defined in class path resource [tech/powerjob/worker/autoconfigure/PowerJobAutoConfiguration.class]: Bean instantiation via factory method failed; nested exception is org.springframework.beans.BeanInstantiationException: Failed to instantiate [tech.powerjob.worker.PowerJobSpringWorker]: Factory method 'initPowerJob' threw exception; nested exception is tech.powerjob.common.exception.PowerJobException: serverAddress can't be empty! if you don't want to enable powerjob, please config program arguments: powerjob.worker.enabled=false
	at org.springframework.beans.factory.support.ConstructorResolver.instantiate(ConstructorResolver.java:653)
	at org.springframework.beans.factory.support.ConstructorResolver.instantiateUsingFactoryMethod(ConstructorResolver.java:633)
	at org.springframework.beans.factory.support.AbstractAutowireCapableBeanFactory.instantiateUsingFactoryMethod(AbstractAutowireCapableBeanFactory.java:1352)
	at org.springframework.beans.factory.support.AbstractAutowireCapableBeanFactory.createBeanInstance(AbstractAutowireCapableBeanFactory.java:1195)
	at org.springframework.beans.factory.support.AbstractAutowireCapableBeanFactory.doCreateBean(AbstractAutowireCapableBeanFactory.java:582)
	at org.springframework.beans.factory.support.AbstractAutowireCapableBeanFactory.createBean(AbstractAutowireCapableBeanFactory.java:542)
	at org.springframework.beans.factory.support.AbstractBeanFactory.lambda$doGetBean$0(AbstractBeanFactory.java:335)
	at org.springframework.beans.factory.support.DefaultSingletonBeanRegistry.getSingleton(DefaultSingletonBeanRegistry.java:234)
	at org.springframework.beans.factory.support.AbstractBeanFactory.doGetBean(AbstractBeanFactory.java:333)
	at org.springframework.beans.factory.support.AbstractBeanFactory.getBean(AbstractBeanFactory.java:208)
	at org.springframework.beans.factory.support.DefaultListableBeanFactory.preInstantiateSingletons(DefaultListableBeanFactory.java:955)
	at org.springframework.context.support.AbstractApplicationContext.finishBeanFactoryInitialization(AbstractApplicationContext.java:929)
	at org.springframework.context.support.AbstractApplicationContext.refresh(AbstractApplicationContext.java:591)
	at org.springframework.boot.SpringApplication.refresh(SpringApplication.java:732)
	at org.springframework.boot.SpringApplication.refreshContext(SpringApplication.java:409)
	at org.springframework.boot.SpringApplication.run(SpringApplication.java:308)
	at org.springframework.boot.SpringApplication.run(SpringApplication.java:1300)
	at org.springframework.boot.SpringApplication.run(SpringApplication.java:1289)
	at com.gykj.patch.manager.PatchManagerApplication.main(PatchManagerApplication.java:12)
Caused by: org.springframework.beans.BeanInstantiationException: Failed to instantiate [tech.powerjob.worker.PowerJobSpringWorker]: Factory method 'initPowerJob' threw exception; nested exception is tech.powerjob.common.exception.PowerJobException: serverAddress can't be empty! if you don't want to enable powerjob, please config program arguments: powerjob.worker.enabled=false
	at org.springframework.beans.factory.support.SimpleInstantiationStrategy.instantiate(SimpleInstantiationStrategy.java:185)
	at org.springframework.beans.factory.support.ConstructorResolver.instantiate(ConstructorResolver.java:648)
	... 18 common frames omitted
Caused by: tech.powerjob.common.exception.PowerJobException: serverAddress can't be empty! if you don't want to enable powerjob, please config program arguments: powerjob.worker.enabled=false
	at tech.powerjob.common.utils.CommonUtils.requireNonNull(CommonUtils.java:124)
	at tech.powerjob.worker.autoconfigure.PowerJobAutoConfiguration.initPowerJob(PowerJobAutoConfiguration.java:37)
	at tech.powerjob.worker.autoconfigure.PowerJobAutoConfiguration$$EnhancerBySpringCGLIB$$9aeb602c.CGLIB$initPowerJob$0(<generated>)
	at tech.powerjob.worker.autoconfigure.PowerJobAutoConfiguration$$EnhancerBySpringCGLIB$$9aeb602c$$FastClassBySpringCGLIB$$e20fbc03.invoke(<generated>)
	at org.springframework.cglib.proxy.MethodProxy.invokeSuper(MethodProxy.java:244)
	at org.springframework.context.annotation.ConfigurationClassEnhancer$BeanMethodInterceptor.intercept(ConfigurationClassEnhancer.java:331)
	at tech.powerjob.worker.autoconfigure.PowerJobAutoConfiguration$$EnhancerBySpringCGLIB$$9aeb602c.initPowerJob(<generated>)
	at sun.reflect.NativeMethodAccessorImpl.invoke0(Native Method)
	at sun.reflect.NativeMethodAccessorImpl.invoke(NativeMethodAccessorImpl.java:62)
	at sun.reflect.DelegatingMethodAccessorImpl.invoke(DelegatingMethodAccessorImpl.java:43)
	at java.lang.reflect.Method.invoke(Method.java:498)
	at org.springframework.beans.factory.support.SimpleInstantiationStrategy.instantiate(SimpleInstantiationStrategy.java:154)
	... 19 common frames omitted
