2024-04-25 09:54:46 [main] INFO  c.g.p.m.PatchManagerApplication - Starting PatchManagerApplication using Java 1.8.0_341 on yaoyedeMacBook-Pro.local with PID 68757 (/Users/yaoye/诚通私库/patch-manager/target/classes started by yaoye in /Users/yaoye/诚通私库/patch-manager)
2024-04-25 09:54:46 [main] DEBUG c.g.p.m.PatchManagerApplication - Running with Spring Boot v2.7.18, Spring v5.3.31
2024-04-25 09:54:46 [main] INFO  c.g.p.m.PatchManagerApplication - The following 1 profile is active: "dev"
2024-04-25 09:54:48 [main] INFO  o.s.c.s.PostProcessorRegistrationDelegate$BeanPostProcessorChecker - Bean 'com.mybatisflex.spring.boot.FlexTransactionAutoConfiguration' of type [com.mybatisflex.spring.boot.FlexTransactionAutoConfiguration] is not eligible for getting processed by all BeanPostProcessors (for example: not eligible for auto-proxying)
2024-04-25 09:54:48 [main] INFO  o.s.c.s.PostProcessorRegistrationDelegate$BeanPostProcessorChecker - Bean 'mybatis-flex-com.mybatisflex.spring.boot.MybatisFlexProperties' of type [com.mybatisflex.spring.boot.MybatisFlexProperties] is not eligible for getting processed by all BeanPostProcessors (for example: not eligible for auto-proxying)
2024-04-25 09:54:48 [main] INFO  o.s.c.s.PostProcessorRegistrationDelegate$BeanPostProcessorChecker - Bean 'com.mybatisflex.spring.boot.MultiDataSourceAutoConfiguration' of type [com.mybatisflex.spring.boot.MultiDataSourceAutoConfiguration] is not eligible for getting processed by all BeanPostProcessors (for example: not eligible for auto-proxying)
2024-04-25 09:54:48 [main] INFO  o.s.b.w.e.tomcat.TomcatWebServer - Tomcat initialized with port(s): 8081 (http)
2024-04-25 09:54:48 [main] INFO  o.a.coyote.http11.Http11NioProtocol - Initializing ProtocolHandler ["http-nio-8081"]
2024-04-25 09:54:48 [main] INFO  o.a.catalina.core.StandardService - Starting service [Tomcat]
2024-04-25 09:54:48 [main] INFO  o.a.catalina.core.StandardEngine - Starting Servlet engine: [Apache Tomcat/9.0.83]
2024-04-25 09:54:48 [main] INFO  o.a.c.c.C.[Tomcat].[localhost].[/] - Initializing Spring embedded WebApplicationContext
2024-04-25 09:54:48 [main] INFO  o.s.b.w.s.c.ServletWebServerApplicationContext - Root WebApplicationContext: initialization completed in 1720 ms
2024-04-25 09:54:52 [main] INFO  o.a.coyote.http11.Http11NioProtocol - Starting ProtocolHandler ["http-nio-8081"]
2024-04-25 09:54:52 [main] WARN  o.s.b.w.s.c.AnnotationConfigServletWebServerApplicationContext - Exception encountered during context initialization - cancelling refresh attempt: org.springframework.context.ApplicationContextException: Failed to start bean 'webServerStartStop'; nested exception is org.springframework.boot.web.server.PortInUseException: Port 8081 is already in use
2024-04-25 09:54:52 [main] INFO  o.a.coyote.http11.Http11NioProtocol - Pausing ProtocolHandler ["http-nio-8081"]
2024-04-25 09:54:52 [main] INFO  o.a.catalina.core.StandardService - Stopping service [Tomcat]
2024-04-25 09:54:52 [main] INFO  o.a.coyote.http11.Http11NioProtocol - Stopping ProtocolHandler ["http-nio-8081"]
2024-04-25 09:54:52 [main] INFO  o.a.coyote.http11.Http11NioProtocol - Destroying ProtocolHandler ["http-nio-8081"]
2024-04-25 09:54:52 [main] INFO  o.s.b.a.l.ConditionEvaluationReportLoggingListener - 

Error starting ApplicationContext. To display the conditions report re-run your application with 'debug' enabled.
2024-04-25 09:54:52 [main] ERROR o.s.b.d.LoggingFailureAnalysisReporter - 

***************************
APPLICATION FAILED TO START
***************************

Description:

Web server failed to start. Port 8081 was already in use.

Action:

Identify and stop the process that's listening on port 8081 or configure this application to listen on another port.

2024-04-25 09:56:53 [main] INFO  c.g.p.m.PatchManagerApplication - Starting PatchManagerApplication using Java 1.8.0_341 on yaoyedeMacBook-Pro.local with PID 69171 (/Users/yaoye/诚通私库/patch-manager/target/classes started by yaoye in /Users/yaoye/诚通私库/patch-manager)
2024-04-25 09:56:53 [main] DEBUG c.g.p.m.PatchManagerApplication - Running with Spring Boot v2.7.18, Spring v5.3.31
2024-04-25 09:56:53 [main] INFO  c.g.p.m.PatchManagerApplication - The following 1 profile is active: "dev"
2024-04-25 09:56:54 [main] INFO  o.s.c.s.PostProcessorRegistrationDelegate$BeanPostProcessorChecker - Bean 'com.mybatisflex.spring.boot.FlexTransactionAutoConfiguration' of type [com.mybatisflex.spring.boot.FlexTransactionAutoConfiguration] is not eligible for getting processed by all BeanPostProcessors (for example: not eligible for auto-proxying)
2024-04-25 09:56:54 [main] INFO  o.s.c.s.PostProcessorRegistrationDelegate$BeanPostProcessorChecker - Bean 'mybatis-flex-com.mybatisflex.spring.boot.MybatisFlexProperties' of type [com.mybatisflex.spring.boot.MybatisFlexProperties] is not eligible for getting processed by all BeanPostProcessors (for example: not eligible for auto-proxying)
2024-04-25 09:56:54 [main] INFO  o.s.c.s.PostProcessorRegistrationDelegate$BeanPostProcessorChecker - Bean 'com.mybatisflex.spring.boot.MultiDataSourceAutoConfiguration' of type [com.mybatisflex.spring.boot.MultiDataSourceAutoConfiguration] is not eligible for getting processed by all BeanPostProcessors (for example: not eligible for auto-proxying)
2024-04-25 09:56:55 [main] INFO  o.s.b.w.e.tomcat.TomcatWebServer - Tomcat initialized with port(s): 8089 (http)
2024-04-25 09:56:55 [main] INFO  o.a.coyote.http11.Http11NioProtocol - Initializing ProtocolHandler ["http-nio-8089"]
2024-04-25 09:56:55 [main] INFO  o.a.catalina.core.StandardService - Starting service [Tomcat]
2024-04-25 09:56:55 [main] INFO  o.a.catalina.core.StandardEngine - Starting Servlet engine: [Apache Tomcat/9.0.83]
2024-04-25 09:56:55 [main] INFO  o.a.c.c.C.[Tomcat].[localhost].[/] - Initializing Spring embedded WebApplicationContext
2024-04-25 09:56:55 [main] INFO  o.s.b.w.s.c.ServletWebServerApplicationContext - Root WebApplicationContext: initialization completed in 1626 ms
2024-04-25 09:56:59 [main] INFO  o.a.coyote.http11.Http11NioProtocol - Starting ProtocolHandler ["http-nio-8089"]
2024-04-25 09:56:59 [main] INFO  o.s.b.w.e.tomcat.TomcatWebServer - Tomcat started on port(s): 8089 (http) with context path ''
2024-04-25 09:56:59 [main] INFO  c.g.p.m.PatchManagerApplication - Started PatchManagerApplication in 6.451 seconds (JVM running for 7.144)
