2024-04-24 00:13:54 [main] INFO  c.g.p.m.PatchManagerApplication - Starting PatchManagerApplication using Java 1.8.0_341 on 192.168.0.108 with PID 16581 (/Users/yaoye/诚通私库/patch-manager/target/classes started by yaoye in /Users/yaoye/诚通私库/patch-manager)
2024-04-24 00:13:54 [main] INFO  c.g.p.m.PatchManagerApplication - The following 1 profile is active: "dev"
2024-04-24 00:13:55 [main] INFO  o.s.b.a.l.ConditionEvaluationReportLoggingListener - 

Error starting ApplicationContext. To display the conditions report re-run your application with 'debug' enabled.
2024-04-24 00:16:41 [main] INFO  c.g.p.m.PatchManagerApplication - Starting PatchManagerApplication using Java 1.8.0_341 on 192.168.0.108 with PID 17121 (/Users/yaoye/诚通私库/patch-manager/target/classes started by yaoye in /Users/yaoye/诚通私库/patch-manager)
2024-04-24 00:16:41 [main] INFO  c.g.p.m.PatchManagerApplication - The following 1 profile is active: "dev"
2024-04-24 00:16:42 [main] INFO  o.s.b.a.l.ConditionEvaluationReportLoggingListener - 

Error starting ApplicationContext. To display the conditions report re-run your application with 'debug' enabled.
2024-04-24 00:20:49 [main] INFO  c.g.p.m.PatchManagerApplication - Starting PatchManagerApplication using Java 1.8.0_341 on 192.168.0.108 with PID 17914 (/Users/yaoye/诚通私库/patch-manager/target/classes started by yaoye in /Users/yaoye/诚通私库/patch-manager)
2024-04-24 00:20:49 [main] INFO  c.g.p.m.PatchManagerApplication - The following 1 profile is active: "dev"
2024-04-24 00:20:50 [main] INFO  o.s.b.a.l.ConditionEvaluationReportLoggingListener - 

Error starting ApplicationContext. To display the conditions report re-run your application with 'debug' enabled.
2024-04-24 00:21:43 [main] INFO  c.g.p.m.PatchManagerApplication - Starting PatchManagerApplication using Java 1.8.0_341 on 192.168.0.108 with PID 18121 (/Users/yaoye/诚通私库/patch-manager/target/classes started by yaoye in /Users/yaoye/诚通私库/patch-manager)
2024-04-24 00:21:43 [main] INFO  c.g.p.m.PatchManagerApplication - The following 1 profile is active: "dev"
2024-04-24 00:21:43 [main] INFO  o.s.b.a.l.ConditionEvaluationReportLoggingListener - 

Error starting ApplicationContext. To display the conditions report re-run your application with 'debug' enabled.
2024-04-24 00:25:04 [main] INFO  c.g.p.m.PatchManagerApplication - Starting PatchManagerApplication using Java 1.8.0_341 on 192.168.0.108 with PID 18766 (/Users/yaoye/诚通私库/patch-manager/target/classes started by yaoye in /Users/yaoye/诚通私库/patch-manager)
2024-04-24 00:25:04 [main] INFO  c.g.p.m.PatchManagerApplication - The following 1 profile is active: "dev"
2024-04-24 00:25:05 [main] INFO  o.s.c.s.PostProcessorRegistrationDelegate$BeanPostProcessorChecker - Bean 'com.mybatisflex.spring.boot.FlexTransactionAutoConfiguration' of type [com.mybatisflex.spring.boot.FlexTransactionAutoConfiguration] is not eligible for getting processed by all BeanPostProcessors (for example: not eligible for auto-proxying)
2024-04-24 00:25:05 [main] INFO  o.s.c.s.PostProcessorRegistrationDelegate$BeanPostProcessorChecker - Bean 'mybatis-flex-com.mybatisflex.spring.boot.MybatisFlexProperties' of type [com.mybatisflex.spring.boot.MybatisFlexProperties] is not eligible for getting processed by all BeanPostProcessors (for example: not eligible for auto-proxying)
2024-04-24 00:25:05 [main] INFO  o.s.c.s.PostProcessorRegistrationDelegate$BeanPostProcessorChecker - Bean 'com.mybatisflex.spring.boot.MultiDataSourceAutoConfiguration' of type [com.mybatisflex.spring.boot.MultiDataSourceAutoConfiguration] is not eligible for getting processed by all BeanPostProcessors (for example: not eligible for auto-proxying)
2024-04-24 00:25:06 [main] INFO  o.s.b.w.e.tomcat.TomcatWebServer - Tomcat initialized with port(s): 8388 (http)
2024-04-24 00:25:06 [main] INFO  o.a.coyote.http11.Http11NioProtocol - Initializing ProtocolHandler ["http-nio-8388"]
2024-04-24 00:25:06 [main] INFO  o.a.catalina.core.StandardService - Starting service [Tomcat]
2024-04-24 00:25:06 [main] INFO  o.a.catalina.core.StandardEngine - Starting Servlet engine: [Apache Tomcat/9.0.83]
2024-04-24 00:25:06 [main] INFO  o.a.c.c.C.[Tomcat].[localhost].[/] - Initializing Spring embedded WebApplicationContext
2024-04-24 00:25:06 [main] INFO  o.s.b.w.s.c.ServletWebServerApplicationContext - Root WebApplicationContext: initialization completed in 1784 ms
2024-04-24 00:25:06 [main] INFO  o.a.catalina.core.StandardService - Stopping service [Tomcat]
2024-04-24 00:25:06 [main] INFO  o.s.b.a.l.ConditionEvaluationReportLoggingListener - 

Error starting ApplicationContext. To display the conditions report re-run your application with 'debug' enabled.
2024-04-24 00:26:29 [main] INFO  c.g.p.m.PatchManagerApplication - Starting PatchManagerApplication using Java 1.8.0_341 on 192.168.0.108 with PID 19077 (/Users/yaoye/诚通私库/patch-manager/target/classes started by yaoye in /Users/yaoye/诚通私库/patch-manager)
2024-04-24 00:26:29 [main] INFO  c.g.p.m.PatchManagerApplication - The following 1 profile is active: "dev"
2024-04-24 00:26:31 [main] INFO  o.s.c.s.PostProcessorRegistrationDelegate$BeanPostProcessorChecker - Bean 'com.mybatisflex.spring.boot.FlexTransactionAutoConfiguration' of type [com.mybatisflex.spring.boot.FlexTransactionAutoConfiguration] is not eligible for getting processed by all BeanPostProcessors (for example: not eligible for auto-proxying)
2024-04-24 00:26:31 [main] INFO  o.s.c.s.PostProcessorRegistrationDelegate$BeanPostProcessorChecker - Bean 'mybatis-flex-com.mybatisflex.spring.boot.MybatisFlexProperties' of type [com.mybatisflex.spring.boot.MybatisFlexProperties] is not eligible for getting processed by all BeanPostProcessors (for example: not eligible for auto-proxying)
2024-04-24 00:26:31 [main] INFO  o.s.c.s.PostProcessorRegistrationDelegate$BeanPostProcessorChecker - Bean 'com.mybatisflex.spring.boot.MultiDataSourceAutoConfiguration' of type [com.mybatisflex.spring.boot.MultiDataSourceAutoConfiguration] is not eligible for getting processed by all BeanPostProcessors (for example: not eligible for auto-proxying)
2024-04-24 00:26:31 [main] INFO  o.s.b.w.e.tomcat.TomcatWebServer - Tomcat initialized with port(s): 8388 (http)
2024-04-24 00:26:31 [main] INFO  o.a.coyote.http11.Http11NioProtocol - Initializing ProtocolHandler ["http-nio-8388"]
2024-04-24 00:26:31 [main] INFO  o.a.catalina.core.StandardService - Starting service [Tomcat]
2024-04-24 00:26:31 [main] INFO  o.a.catalina.core.StandardEngine - Starting Servlet engine: [Apache Tomcat/9.0.83]
2024-04-24 00:26:31 [main] INFO  o.a.c.c.C.[Tomcat].[localhost].[/] - Initializing Spring embedded WebApplicationContext
2024-04-24 00:26:31 [main] INFO  o.s.b.w.s.c.ServletWebServerApplicationContext - Root WebApplicationContext: initialization completed in 2210 ms
2024-04-24 00:26:36 [main] INFO  o.a.catalina.core.StandardService - Stopping service [Tomcat]
2024-04-24 00:26:36 [main] INFO  o.s.b.a.l.ConditionEvaluationReportLoggingListener - 

Error starting ApplicationContext. To display the conditions report re-run your application with 'debug' enabled.
2024-04-24 00:28:49 [main] INFO  c.g.p.m.PatchManagerApplication - Starting PatchManagerApplication using Java 1.8.0_341 on 192.168.0.108 with PID 19535 (/Users/yaoye/诚通私库/patch-manager/target/classes started by yaoye in /Users/yaoye/诚通私库/patch-manager)
2024-04-24 00:28:49 [main] INFO  c.g.p.m.PatchManagerApplication - The following 1 profile is active: "dev"
2024-04-24 00:28:51 [main] INFO  o.s.c.s.PostProcessorRegistrationDelegate$BeanPostProcessorChecker - Bean 'com.mybatisflex.spring.boot.FlexTransactionAutoConfiguration' of type [com.mybatisflex.spring.boot.FlexTransactionAutoConfiguration] is not eligible for getting processed by all BeanPostProcessors (for example: not eligible for auto-proxying)
2024-04-24 00:28:51 [main] INFO  o.s.c.s.PostProcessorRegistrationDelegate$BeanPostProcessorChecker - Bean 'mybatis-flex-com.mybatisflex.spring.boot.MybatisFlexProperties' of type [com.mybatisflex.spring.boot.MybatisFlexProperties] is not eligible for getting processed by all BeanPostProcessors (for example: not eligible for auto-proxying)
2024-04-24 00:28:51 [main] INFO  o.s.c.s.PostProcessorRegistrationDelegate$BeanPostProcessorChecker - Bean 'com.mybatisflex.spring.boot.MultiDataSourceAutoConfiguration' of type [com.mybatisflex.spring.boot.MultiDataSourceAutoConfiguration] is not eligible for getting processed by all BeanPostProcessors (for example: not eligible for auto-proxying)
2024-04-24 00:28:51 [main] INFO  o.s.b.w.e.tomcat.TomcatWebServer - Tomcat initialized with port(s): 8388 (http)
2024-04-24 00:28:51 [main] INFO  o.a.coyote.http11.Http11NioProtocol - Initializing ProtocolHandler ["http-nio-8388"]
2024-04-24 00:28:51 [main] INFO  o.a.catalina.core.StandardService - Starting service [Tomcat]
2024-04-24 00:28:51 [main] INFO  o.a.catalina.core.StandardEngine - Starting Servlet engine: [Apache Tomcat/9.0.83]
2024-04-24 00:28:51 [main] INFO  o.a.c.c.C.[Tomcat].[localhost].[/] - Initializing Spring embedded WebApplicationContext
2024-04-24 00:28:51 [main] INFO  o.s.b.w.s.c.ServletWebServerApplicationContext - Root WebApplicationContext: initialization completed in 2284 ms
2024-04-24 00:28:56 [main] INFO  o.a.catalina.core.StandardService - Stopping service [Tomcat]
2024-04-24 00:28:56 [main] INFO  o.s.b.a.l.ConditionEvaluationReportLoggingListener - 

Error starting ApplicationContext. To display the conditions report re-run your application with 'debug' enabled.
2024-04-24 00:31:36 [main] INFO  c.g.p.m.PatchManagerApplication - Starting PatchManagerApplication using Java 1.8.0_341 on 192.168.0.108 with PID 20047 (/Users/yaoye/诚通私库/patch-manager/target/classes started by yaoye in /Users/yaoye/诚通私库/patch-manager)
2024-04-24 00:31:36 [main] INFO  c.g.p.m.PatchManagerApplication - The following 1 profile is active: "dev"
2024-04-24 00:31:38 [main] INFO  o.s.c.s.PostProcessorRegistrationDelegate$BeanPostProcessorChecker - Bean 'com.mybatisflex.spring.boot.FlexTransactionAutoConfiguration' of type [com.mybatisflex.spring.boot.FlexTransactionAutoConfiguration] is not eligible for getting processed by all BeanPostProcessors (for example: not eligible for auto-proxying)
2024-04-24 00:31:38 [main] INFO  o.s.c.s.PostProcessorRegistrationDelegate$BeanPostProcessorChecker - Bean 'mybatis-flex-com.mybatisflex.spring.boot.MybatisFlexProperties' of type [com.mybatisflex.spring.boot.MybatisFlexProperties] is not eligible for getting processed by all BeanPostProcessors (for example: not eligible for auto-proxying)
2024-04-24 00:31:38 [main] INFO  o.s.c.s.PostProcessorRegistrationDelegate$BeanPostProcessorChecker - Bean 'com.mybatisflex.spring.boot.MultiDataSourceAutoConfiguration' of type [com.mybatisflex.spring.boot.MultiDataSourceAutoConfiguration] is not eligible for getting processed by all BeanPostProcessors (for example: not eligible for auto-proxying)
2024-04-24 00:31:39 [main] INFO  o.s.b.w.e.tomcat.TomcatWebServer - Tomcat initialized with port(s): 8388 (http)
2024-04-24 00:31:39 [main] INFO  o.a.coyote.http11.Http11NioProtocol - Initializing ProtocolHandler ["http-nio-8388"]
2024-04-24 00:31:39 [main] INFO  o.a.catalina.core.StandardService - Starting service [Tomcat]
2024-04-24 00:31:39 [main] INFO  o.a.catalina.core.StandardEngine - Starting Servlet engine: [Apache Tomcat/9.0.83]
2024-04-24 00:31:39 [main] INFO  o.a.c.c.C.[Tomcat].[localhost].[/] - Initializing Spring embedded WebApplicationContext
2024-04-24 00:31:39 [main] INFO  o.s.b.w.s.c.ServletWebServerApplicationContext - Root WebApplicationContext: initialization completed in 2632 ms
2024-04-24 00:31:43 [main] INFO  o.a.coyote.http11.Http11NioProtocol - Starting ProtocolHandler ["http-nio-8388"]
2024-04-24 00:31:43 [main] INFO  o.s.b.w.e.tomcat.TomcatWebServer - Tomcat started on port(s): 8388 (http) with context path ''
2024-04-24 00:31:44 [main] INFO  o.a.coyote.http11.Http11NioProtocol - Pausing ProtocolHandler ["http-nio-8388"]
2024-04-24 00:31:44 [main] INFO  o.a.catalina.core.StandardService - Stopping service [Tomcat]
2024-04-24 00:31:44 [main] INFO  o.a.coyote.http11.Http11NioProtocol - Stopping ProtocolHandler ["http-nio-8388"]
2024-04-24 00:31:44 [main] INFO  o.a.coyote.http11.Http11NioProtocol - Destroying ProtocolHandler ["http-nio-8388"]
2024-04-24 00:31:44 [main] INFO  o.s.b.a.l.ConditionEvaluationReportLoggingListener - 

Error starting ApplicationContext. To display the conditions report re-run your application with 'debug' enabled.
2024-04-24 00:32:44 [main] INFO  c.g.p.m.PatchManagerApplication - Starting PatchManagerApplication using Java 1.8.0_341 on 192.168.0.108 with PID 20283 (/Users/yaoye/诚通私库/patch-manager/target/classes started by yaoye in /Users/yaoye/诚通私库/patch-manager)
2024-04-24 00:32:44 [main] INFO  c.g.p.m.PatchManagerApplication - The following 1 profile is active: "dev"
2024-04-24 00:32:46 [main] INFO  o.s.c.s.PostProcessorRegistrationDelegate$BeanPostProcessorChecker - Bean 'com.mybatisflex.spring.boot.FlexTransactionAutoConfiguration' of type [com.mybatisflex.spring.boot.FlexTransactionAutoConfiguration] is not eligible for getting processed by all BeanPostProcessors (for example: not eligible for auto-proxying)
2024-04-24 00:32:46 [main] INFO  o.s.c.s.PostProcessorRegistrationDelegate$BeanPostProcessorChecker - Bean 'mybatis-flex-com.mybatisflex.spring.boot.MybatisFlexProperties' of type [com.mybatisflex.spring.boot.MybatisFlexProperties] is not eligible for getting processed by all BeanPostProcessors (for example: not eligible for auto-proxying)
2024-04-24 00:32:46 [main] INFO  o.s.c.s.PostProcessorRegistrationDelegate$BeanPostProcessorChecker - Bean 'com.mybatisflex.spring.boot.MultiDataSourceAutoConfiguration' of type [com.mybatisflex.spring.boot.MultiDataSourceAutoConfiguration] is not eligible for getting processed by all BeanPostProcessors (for example: not eligible for auto-proxying)
2024-04-24 00:32:46 [main] INFO  o.s.b.w.e.tomcat.TomcatWebServer - Tomcat initialized with port(s): 8388 (http)
2024-04-24 00:32:46 [main] INFO  o.a.coyote.http11.Http11NioProtocol - Initializing ProtocolHandler ["http-nio-8388"]
2024-04-24 00:32:46 [main] INFO  o.a.catalina.core.StandardService - Starting service [Tomcat]
2024-04-24 00:32:46 [main] INFO  o.a.catalina.core.StandardEngine - Starting Servlet engine: [Apache Tomcat/9.0.83]
2024-04-24 00:32:46 [main] INFO  o.a.c.c.C.[Tomcat].[localhost].[/] - Initializing Spring embedded WebApplicationContext
2024-04-24 00:32:46 [main] INFO  o.s.b.w.s.c.ServletWebServerApplicationContext - Root WebApplicationContext: initialization completed in 2091 ms
2024-04-24 00:32:49 [main] INFO  o.a.coyote.http11.Http11NioProtocol - Starting ProtocolHandler ["http-nio-8388"]
2024-04-24 00:32:49 [main] INFO  o.s.b.w.e.tomcat.TomcatWebServer - Tomcat started on port(s): 8388 (http) with context path ''
2024-04-24 00:32:49 [main] INFO  c.g.p.m.PatchManagerApplication - Started PatchManagerApplication in 5.796 seconds (JVM running for 6.667)
2024-04-24 00:37:50 [main] INFO  c.g.p.m.PatchManagerApplication - Starting PatchManagerApplication using Java 1.8.0_341 on 192.168.0.108 with PID 21235 (/Users/yaoye/诚通私库/patch-manager/target/classes started by yaoye in /Users/yaoye/诚通私库/patch-manager)
2024-04-24 00:37:50 [main] INFO  c.g.p.m.PatchManagerApplication - The following 1 profile is active: "dev"
2024-04-24 00:37:52 [main] INFO  o.s.c.s.PostProcessorRegistrationDelegate$BeanPostProcessorChecker - Bean 'com.mybatisflex.spring.boot.FlexTransactionAutoConfiguration' of type [com.mybatisflex.spring.boot.FlexTransactionAutoConfiguration] is not eligible for getting processed by all BeanPostProcessors (for example: not eligible for auto-proxying)
2024-04-24 00:37:52 [main] INFO  o.s.c.s.PostProcessorRegistrationDelegate$BeanPostProcessorChecker - Bean 'mybatis-flex-com.mybatisflex.spring.boot.MybatisFlexProperties' of type [com.mybatisflex.spring.boot.MybatisFlexProperties] is not eligible for getting processed by all BeanPostProcessors (for example: not eligible for auto-proxying)
2024-04-24 00:37:52 [main] INFO  o.s.c.s.PostProcessorRegistrationDelegate$BeanPostProcessorChecker - Bean 'com.mybatisflex.spring.boot.MultiDataSourceAutoConfiguration' of type [com.mybatisflex.spring.boot.MultiDataSourceAutoConfiguration] is not eligible for getting processed by all BeanPostProcessors (for example: not eligible for auto-proxying)
2024-04-24 00:37:52 [main] INFO  o.s.b.w.e.tomcat.TomcatWebServer - Tomcat initialized with port(s): 8388 (http)
2024-04-24 00:37:52 [main] INFO  o.a.coyote.http11.Http11NioProtocol - Initializing ProtocolHandler ["http-nio-8388"]
2024-04-24 00:37:52 [main] INFO  o.a.catalina.core.StandardService - Starting service [Tomcat]
2024-04-24 00:37:52 [main] INFO  o.a.catalina.core.StandardEngine - Starting Servlet engine: [Apache Tomcat/9.0.83]
2024-04-24 00:37:52 [main] INFO  o.a.c.c.C.[Tomcat].[localhost].[/] - Initializing Spring embedded WebApplicationContext
2024-04-24 00:37:52 [main] INFO  o.s.b.w.s.c.ServletWebServerApplicationContext - Root WebApplicationContext: initialization completed in 2342 ms
2024-04-24 00:37:55 [main] INFO  o.a.coyote.http11.Http11NioProtocol - Starting ProtocolHandler ["http-nio-8388"]
2024-04-24 00:37:55 [main] INFO  o.s.b.w.e.tomcat.TomcatWebServer - Tomcat started on port(s): 8388 (http) with context path ''
2024-04-24 00:37:55 [main] INFO  c.g.p.m.PatchManagerApplication - Started PatchManagerApplication in 6.439 seconds (JVM running for 7.158)
2024-04-24 00:42:14 [main] INFO  c.g.p.m.PatchManagerApplication - Starting PatchManagerApplication using Java 1.8.0_341 on 192.168.0.108 with PID 22122 (/Users/yaoye/诚通私库/patch-manager/target/classes started by yaoye in /Users/yaoye/诚通私库/patch-manager)
2024-04-24 00:42:14 [main] INFO  c.g.p.m.PatchManagerApplication - The following 1 profile is active: "dev"
2024-04-24 00:42:16 [main] INFO  o.s.c.s.PostProcessorRegistrationDelegate$BeanPostProcessorChecker - Bean 'com.mybatisflex.spring.boot.FlexTransactionAutoConfiguration' of type [com.mybatisflex.spring.boot.FlexTransactionAutoConfiguration] is not eligible for getting processed by all BeanPostProcessors (for example: not eligible for auto-proxying)
2024-04-24 00:42:16 [main] INFO  o.s.c.s.PostProcessorRegistrationDelegate$BeanPostProcessorChecker - Bean 'mybatis-flex-com.mybatisflex.spring.boot.MybatisFlexProperties' of type [com.mybatisflex.spring.boot.MybatisFlexProperties] is not eligible for getting processed by all BeanPostProcessors (for example: not eligible for auto-proxying)
2024-04-24 00:42:16 [main] INFO  o.s.c.s.PostProcessorRegistrationDelegate$BeanPostProcessorChecker - Bean 'com.mybatisflex.spring.boot.MultiDataSourceAutoConfiguration' of type [com.mybatisflex.spring.boot.MultiDataSourceAutoConfiguration] is not eligible for getting processed by all BeanPostProcessors (for example: not eligible for auto-proxying)
2024-04-24 00:42:16 [main] INFO  o.s.b.w.e.tomcat.TomcatWebServer - Tomcat initialized with port(s): 8388 (http)
2024-04-24 00:42:16 [main] INFO  o.a.coyote.http11.Http11NioProtocol - Initializing ProtocolHandler ["http-nio-8388"]
2024-04-24 00:42:17 [main] INFO  o.a.catalina.core.StandardService - Starting service [Tomcat]
2024-04-24 00:42:17 [main] INFO  o.a.catalina.core.StandardEngine - Starting Servlet engine: [Apache Tomcat/9.0.83]
2024-04-24 00:42:17 [main] INFO  o.a.c.c.C.[Tomcat].[localhost].[/] - Initializing Spring embedded WebApplicationContext
2024-04-24 00:42:17 [main] INFO  o.s.b.w.s.c.ServletWebServerApplicationContext - Root WebApplicationContext: initialization completed in 2203 ms
2024-04-24 00:42:20 [main] INFO  o.a.coyote.http11.Http11NioProtocol - Starting ProtocolHandler ["http-nio-8388"]
2024-04-24 00:42:20 [main] INFO  o.s.b.w.e.tomcat.TomcatWebServer - Tomcat started on port(s): 8388 (http) with context path ''
2024-04-24 00:42:20 [main] INFO  c.g.p.m.PatchManagerApplication - Started PatchManagerApplication in 6.662 seconds (JVM running for 7.549)
2024-04-24 00:45:00 [main] INFO  c.g.p.m.PatchManagerApplication - Starting PatchManagerApplication using Java 1.8.0_341 on 192.168.0.108 with PID 22683 (/Users/yaoye/诚通私库/patch-manager/target/classes started by yaoye in /Users/yaoye/诚通私库/patch-manager)
2024-04-24 00:45:00 [main] INFO  c.g.p.m.PatchManagerApplication - The following 1 profile is active: "dev"
2024-04-24 00:45:02 [main] INFO  o.s.c.s.PostProcessorRegistrationDelegate$BeanPostProcessorChecker - Bean 'com.mybatisflex.spring.boot.FlexTransactionAutoConfiguration' of type [com.mybatisflex.spring.boot.FlexTransactionAutoConfiguration] is not eligible for getting processed by all BeanPostProcessors (for example: not eligible for auto-proxying)
2024-04-24 00:45:02 [main] INFO  o.s.c.s.PostProcessorRegistrationDelegate$BeanPostProcessorChecker - Bean 'mybatis-flex-com.mybatisflex.spring.boot.MybatisFlexProperties' of type [com.mybatisflex.spring.boot.MybatisFlexProperties] is not eligible for getting processed by all BeanPostProcessors (for example: not eligible for auto-proxying)
2024-04-24 00:45:02 [main] INFO  o.s.c.s.PostProcessorRegistrationDelegate$BeanPostProcessorChecker - Bean 'com.mybatisflex.spring.boot.MultiDataSourceAutoConfiguration' of type [com.mybatisflex.spring.boot.MultiDataSourceAutoConfiguration] is not eligible for getting processed by all BeanPostProcessors (for example: not eligible for auto-proxying)
2024-04-24 00:45:02 [main] INFO  o.s.b.w.e.tomcat.TomcatWebServer - Tomcat initialized with port(s): 8388 (http)
2024-04-24 00:45:02 [main] INFO  o.a.coyote.http11.Http11NioProtocol - Initializing ProtocolHandler ["http-nio-8388"]
2024-04-24 00:45:02 [main] INFO  o.a.catalina.core.StandardService - Starting service [Tomcat]
2024-04-24 00:45:02 [main] INFO  o.a.catalina.core.StandardEngine - Starting Servlet engine: [Apache Tomcat/9.0.83]
2024-04-24 00:45:02 [main] INFO  o.a.c.c.C.[Tomcat].[localhost].[/] - Initializing Spring embedded WebApplicationContext
2024-04-24 00:45:02 [main] INFO  o.s.b.w.s.c.ServletWebServerApplicationContext - Root WebApplicationContext: initialization completed in 1933 ms
2024-04-24 00:45:05 [main] INFO  o.a.coyote.http11.Http11NioProtocol - Starting ProtocolHandler ["http-nio-8388"]
2024-04-24 00:45:05 [main] INFO  o.s.b.w.e.tomcat.TomcatWebServer - Tomcat started on port(s): 8388 (http) with context path ''
2024-04-24 00:45:05 [main] INFO  c.g.p.m.PatchManagerApplication - Started PatchManagerApplication in 5.835 seconds (JVM running for 6.638)
2024-04-24 00:46:35 [main] INFO  c.g.p.m.PatchManagerApplication - Starting PatchManagerApplication using Java 1.8.0_341 on 192.168.0.108 with PID 22990 (/Users/yaoye/诚通私库/patch-manager/target/classes started by yaoye in /Users/yaoye/诚通私库/patch-manager)
2024-04-24 00:46:35 [main] INFO  c.g.p.m.PatchManagerApplication - The following 1 profile is active: "dev"
2024-04-24 00:46:36 [main] INFO  o.s.c.s.PostProcessorRegistrationDelegate$BeanPostProcessorChecker - Bean 'com.mybatisflex.spring.boot.FlexTransactionAutoConfiguration' of type [com.mybatisflex.spring.boot.FlexTransactionAutoConfiguration] is not eligible for getting processed by all BeanPostProcessors (for example: not eligible for auto-proxying)
2024-04-24 00:46:36 [main] INFO  o.s.c.s.PostProcessorRegistrationDelegate$BeanPostProcessorChecker - Bean 'mybatis-flex-com.mybatisflex.spring.boot.MybatisFlexProperties' of type [com.mybatisflex.spring.boot.MybatisFlexProperties] is not eligible for getting processed by all BeanPostProcessors (for example: not eligible for auto-proxying)
2024-04-24 00:46:36 [main] INFO  o.s.c.s.PostProcessorRegistrationDelegate$BeanPostProcessorChecker - Bean 'com.mybatisflex.spring.boot.MultiDataSourceAutoConfiguration' of type [com.mybatisflex.spring.boot.MultiDataSourceAutoConfiguration] is not eligible for getting processed by all BeanPostProcessors (for example: not eligible for auto-proxying)
2024-04-24 00:46:36 [main] INFO  o.s.b.w.e.tomcat.TomcatWebServer - Tomcat initialized with port(s): 8388 (http)
2024-04-24 00:46:36 [main] INFO  o.a.coyote.http11.Http11NioProtocol - Initializing ProtocolHandler ["http-nio-8388"]
2024-04-24 00:46:36 [main] INFO  o.a.catalina.core.StandardService - Starting service [Tomcat]
2024-04-24 00:46:36 [main] INFO  o.a.catalina.core.StandardEngine - Starting Servlet engine: [Apache Tomcat/9.0.83]
2024-04-24 00:46:37 [main] INFO  o.a.c.c.C.[Tomcat].[localhost].[/] - Initializing Spring embedded WebApplicationContext
2024-04-24 00:46:37 [main] INFO  o.s.b.w.s.c.ServletWebServerApplicationContext - Root WebApplicationContext: initialization completed in 1864 ms
2024-04-24 00:46:39 [main] INFO  o.a.coyote.http11.Http11NioProtocol - Starting ProtocolHandler ["http-nio-8388"]
2024-04-24 00:46:39 [main] INFO  o.s.b.w.e.tomcat.TomcatWebServer - Tomcat started on port(s): 8388 (http) with context path ''
2024-04-24 00:46:40 [main] INFO  c.g.p.m.PatchManagerApplication - Started PatchManagerApplication in 5.916 seconds (JVM running for 6.647)
2024-04-24 00:52:31 [main] INFO  c.g.p.m.PatchManagerApplication - Starting PatchManagerApplication using Java 1.8.0_341 on 192.168.0.108 with PID 24142 (/Users/yaoye/诚通私库/patch-manager/target/classes started by yaoye in /Users/yaoye/诚通私库/patch-manager)
2024-04-24 00:52:31 [main] INFO  c.g.p.m.PatchManagerApplication - The following 1 profile is active: "dev"
2024-04-24 00:52:33 [main] INFO  o.s.c.s.PostProcessorRegistrationDelegate$BeanPostProcessorChecker - Bean 'com.mybatisflex.spring.boot.FlexTransactionAutoConfiguration' of type [com.mybatisflex.spring.boot.FlexTransactionAutoConfiguration] is not eligible for getting processed by all BeanPostProcessors (for example: not eligible for auto-proxying)
2024-04-24 00:52:33 [main] INFO  o.s.c.s.PostProcessorRegistrationDelegate$BeanPostProcessorChecker - Bean 'mybatis-flex-com.mybatisflex.spring.boot.MybatisFlexProperties' of type [com.mybatisflex.spring.boot.MybatisFlexProperties] is not eligible for getting processed by all BeanPostProcessors (for example: not eligible for auto-proxying)
2024-04-24 00:52:33 [main] INFO  o.s.c.s.PostProcessorRegistrationDelegate$BeanPostProcessorChecker - Bean 'com.mybatisflex.spring.boot.MultiDataSourceAutoConfiguration' of type [com.mybatisflex.spring.boot.MultiDataSourceAutoConfiguration] is not eligible for getting processed by all BeanPostProcessors (for example: not eligible for auto-proxying)
2024-04-24 00:52:33 [main] INFO  o.s.b.w.e.tomcat.TomcatWebServer - Tomcat initialized with port(s): 8388 (http)
2024-04-24 00:52:33 [main] INFO  o.a.coyote.http11.Http11NioProtocol - Initializing ProtocolHandler ["http-nio-8388"]
2024-04-24 00:52:33 [main] INFO  o.a.catalina.core.StandardService - Starting service [Tomcat]
2024-04-24 00:52:33 [main] INFO  o.a.catalina.core.StandardEngine - Starting Servlet engine: [Apache Tomcat/9.0.83]
2024-04-24 00:52:33 [main] INFO  o.a.c.c.C.[Tomcat].[localhost].[/] - Initializing Spring embedded WebApplicationContext
2024-04-24 00:52:33 [main] INFO  o.s.b.w.s.c.ServletWebServerApplicationContext - Root WebApplicationContext: initialization completed in 1916 ms
2024-04-24 00:52:36 [main] INFO  o.a.coyote.http11.Http11NioProtocol - Starting ProtocolHandler ["http-nio-8388"]
2024-04-24 00:52:36 [main] INFO  o.s.b.w.e.tomcat.TomcatWebServer - Tomcat started on port(s): 8388 (http) with context path ''
2024-04-24 00:52:36 [main] INFO  c.g.p.m.PatchManagerApplication - Started PatchManagerApplication in 5.768 seconds (JVM running for 6.456)
2024-04-24 00:53:02 [main] INFO  c.g.p.m.PatchManagerApplication - Starting PatchManagerApplication using Java 1.8.0_341 on 192.168.0.108 with PID 24252 (/Users/yaoye/诚通私库/patch-manager/target/classes started by yaoye in /Users/yaoye/诚通私库/patch-manager)
2024-04-24 00:53:02 [main] INFO  c.g.p.m.PatchManagerApplication - The following 1 profile is active: "dev"
2024-04-24 00:53:03 [main] INFO  o.s.c.s.PostProcessorRegistrationDelegate$BeanPostProcessorChecker - Bean 'com.mybatisflex.spring.boot.FlexTransactionAutoConfiguration' of type [com.mybatisflex.spring.boot.FlexTransactionAutoConfiguration] is not eligible for getting processed by all BeanPostProcessors (for example: not eligible for auto-proxying)
2024-04-24 00:53:03 [main] INFO  o.s.c.s.PostProcessorRegistrationDelegate$BeanPostProcessorChecker - Bean 'mybatis-flex-com.mybatisflex.spring.boot.MybatisFlexProperties' of type [com.mybatisflex.spring.boot.MybatisFlexProperties] is not eligible for getting processed by all BeanPostProcessors (for example: not eligible for auto-proxying)
2024-04-24 00:53:03 [main] INFO  o.s.c.s.PostProcessorRegistrationDelegate$BeanPostProcessorChecker - Bean 'com.mybatisflex.spring.boot.MultiDataSourceAutoConfiguration' of type [com.mybatisflex.spring.boot.MultiDataSourceAutoConfiguration] is not eligible for getting processed by all BeanPostProcessors (for example: not eligible for auto-proxying)
2024-04-24 00:53:03 [main] INFO  o.s.b.w.e.tomcat.TomcatWebServer - Tomcat initialized with port(s): 8388 (http)
2024-04-24 00:53:03 [main] INFO  o.a.coyote.http11.Http11NioProtocol - Initializing ProtocolHandler ["http-nio-8388"]
2024-04-24 00:53:03 [main] INFO  o.a.catalina.core.StandardService - Starting service [Tomcat]
2024-04-24 00:53:03 [main] INFO  o.a.catalina.core.StandardEngine - Starting Servlet engine: [Apache Tomcat/9.0.83]
2024-04-24 00:53:04 [main] INFO  o.a.c.c.C.[Tomcat].[localhost].[/] - Initializing Spring embedded WebApplicationContext
2024-04-24 00:53:04 [main] INFO  o.s.b.w.s.c.ServletWebServerApplicationContext - Root WebApplicationContext: initialization completed in 1780 ms
2024-04-24 00:53:06 [main] INFO  o.a.coyote.http11.Http11NioProtocol - Starting ProtocolHandler ["http-nio-8388"]
2024-04-24 00:53:06 [main] INFO  o.s.b.w.e.tomcat.TomcatWebServer - Tomcat started on port(s): 8388 (http) with context path ''
2024-04-24 00:53:06 [main] INFO  c.g.p.m.PatchManagerApplication - Started PatchManagerApplication in 5.517 seconds (JVM running for 6.218)
2024-04-24 00:57:46 [main] INFO  c.g.p.m.PatchManagerApplication - Starting PatchManagerApplication using Java 1.8.0_341 on 192.168.0.108 with PID 25145 (/Users/yaoye/诚通私库/patch-manager/target/classes started by yaoye in /Users/yaoye/诚通私库/patch-manager)
2024-04-24 00:57:46 [main] INFO  c.g.p.m.PatchManagerApplication - The following 1 profile is active: "dev"
2024-04-24 00:57:47 [main] INFO  o.s.c.s.PostProcessorRegistrationDelegate$BeanPostProcessorChecker - Bean 'com.mybatisflex.spring.boot.FlexTransactionAutoConfiguration' of type [com.mybatisflex.spring.boot.FlexTransactionAutoConfiguration] is not eligible for getting processed by all BeanPostProcessors (for example: not eligible for auto-proxying)
2024-04-24 00:57:47 [main] INFO  o.s.c.s.PostProcessorRegistrationDelegate$BeanPostProcessorChecker - Bean 'mybatis-flex-com.mybatisflex.spring.boot.MybatisFlexProperties' of type [com.mybatisflex.spring.boot.MybatisFlexProperties] is not eligible for getting processed by all BeanPostProcessors (for example: not eligible for auto-proxying)
2024-04-24 00:57:47 [main] INFO  o.s.c.s.PostProcessorRegistrationDelegate$BeanPostProcessorChecker - Bean 'com.mybatisflex.spring.boot.MultiDataSourceAutoConfiguration' of type [com.mybatisflex.spring.boot.MultiDataSourceAutoConfiguration] is not eligible for getting processed by all BeanPostProcessors (for example: not eligible for auto-proxying)
2024-04-24 00:57:48 [main] INFO  o.s.b.w.e.tomcat.TomcatWebServer - Tomcat initialized with port(s): 8388 (http)
2024-04-24 00:57:48 [main] INFO  o.a.coyote.http11.Http11NioProtocol - Initializing ProtocolHandler ["http-nio-8388"]
2024-04-24 00:57:48 [main] INFO  o.a.catalina.core.StandardService - Starting service [Tomcat]
2024-04-24 00:57:48 [main] INFO  o.a.catalina.core.StandardEngine - Starting Servlet engine: [Apache Tomcat/9.0.83]
2024-04-24 00:57:48 [main] INFO  o.a.c.c.C.[Tomcat].[localhost].[/] - Initializing Spring embedded WebApplicationContext
2024-04-24 00:57:48 [main] INFO  o.s.b.w.s.c.ServletWebServerApplicationContext - Root WebApplicationContext: initialization completed in 1945 ms
2024-04-24 00:57:51 [main] INFO  o.a.coyote.http11.Http11NioProtocol - Starting ProtocolHandler ["http-nio-8388"]
2024-04-24 00:57:51 [main] INFO  o.s.b.w.e.tomcat.TomcatWebServer - Tomcat started on port(s): 8388 (http) with context path ''
2024-04-24 00:57:51 [main] INFO  c.g.p.m.PatchManagerApplication - Started PatchManagerApplication in 5.86 seconds (JVM running for 6.74)
2024-04-24 00:59:24 [main] INFO  c.g.p.m.PatchManagerApplication - Starting PatchManagerApplication using Java 1.8.0_341 on 192.168.0.108 with PID 25473 (/Users/yaoye/诚通私库/patch-manager/target/classes started by yaoye in /Users/yaoye/诚通私库/patch-manager)
2024-04-24 00:59:24 [main] INFO  c.g.p.m.PatchManagerApplication - The following 1 profile is active: "dev"
2024-04-24 00:59:25 [main] INFO  o.s.c.s.PostProcessorRegistrationDelegate$BeanPostProcessorChecker - Bean 'com.mybatisflex.spring.boot.FlexTransactionAutoConfiguration' of type [com.mybatisflex.spring.boot.FlexTransactionAutoConfiguration] is not eligible for getting processed by all BeanPostProcessors (for example: not eligible for auto-proxying)
2024-04-24 00:59:25 [main] INFO  o.s.c.s.PostProcessorRegistrationDelegate$BeanPostProcessorChecker - Bean 'mybatis-flex-com.mybatisflex.spring.boot.MybatisFlexProperties' of type [com.mybatisflex.spring.boot.MybatisFlexProperties] is not eligible for getting processed by all BeanPostProcessors (for example: not eligible for auto-proxying)
2024-04-24 00:59:25 [main] INFO  o.s.c.s.PostProcessorRegistrationDelegate$BeanPostProcessorChecker - Bean 'com.mybatisflex.spring.boot.MultiDataSourceAutoConfiguration' of type [com.mybatisflex.spring.boot.MultiDataSourceAutoConfiguration] is not eligible for getting processed by all BeanPostProcessors (for example: not eligible for auto-proxying)
2024-04-24 00:59:25 [main] INFO  o.s.b.w.e.tomcat.TomcatWebServer - Tomcat initialized with port(s): 8388 (http)
2024-04-24 00:59:25 [main] INFO  o.a.coyote.http11.Http11NioProtocol - Initializing ProtocolHandler ["http-nio-8388"]
2024-04-24 00:59:25 [main] INFO  o.a.catalina.core.StandardService - Starting service [Tomcat]
2024-04-24 00:59:25 [main] INFO  o.a.catalina.core.StandardEngine - Starting Servlet engine: [Apache Tomcat/9.0.83]
2024-04-24 00:59:25 [main] INFO  o.a.c.c.C.[Tomcat].[localhost].[/] - Initializing Spring embedded WebApplicationContext
2024-04-24 00:59:25 [main] INFO  o.s.b.w.s.c.ServletWebServerApplicationContext - Root WebApplicationContext: initialization completed in 1737 ms
2024-04-24 00:59:28 [main] INFO  o.a.coyote.http11.Http11NioProtocol - Starting ProtocolHandler ["http-nio-8388"]
2024-04-24 00:59:28 [main] INFO  o.s.b.w.e.tomcat.TomcatWebServer - Tomcat started on port(s): 8388 (http) with context path ''
2024-04-24 00:59:28 [main] INFO  c.g.p.m.PatchManagerApplication - Started PatchManagerApplication in 5.58 seconds (JVM running for 6.293)
2024-04-24 01:01:20 [http-nio-8388-exec-1] INFO  o.a.c.c.C.[Tomcat].[localhost].[/] - Initializing Spring DispatcherServlet 'dispatcherServlet'
2024-04-24 01:01:20 [http-nio-8388-exec-1] INFO  o.s.web.servlet.DispatcherServlet - Initializing Servlet 'dispatcherServlet'
2024-04-24 01:01:20 [http-nio-8388-exec-1] INFO  o.s.web.servlet.DispatcherServlet - Completed initialization in 10 ms
2024-04-24 08:23:08 [main] INFO  c.g.p.m.PatchManagerApplication - Starting PatchManagerApplication using Java 1.8.0_341 on yaoyedeMacBook-Pro.local with PID 33394 (/Users/yaoye/诚通私库/patch-manager/target/classes started by yaoye in /Users/yaoye/诚通私库/patch-manager)
2024-04-24 08:23:08 [main] INFO  c.g.p.m.PatchManagerApplication - The following 1 profile is active: "dev"
2024-04-24 08:23:09 [main] INFO  o.s.c.s.PostProcessorRegistrationDelegate$BeanPostProcessorChecker - Bean 'com.mybatisflex.spring.boot.FlexTransactionAutoConfiguration' of type [com.mybatisflex.spring.boot.FlexTransactionAutoConfiguration] is not eligible for getting processed by all BeanPostProcessors (for example: not eligible for auto-proxying)
2024-04-24 08:23:09 [main] INFO  o.s.c.s.PostProcessorRegistrationDelegate$BeanPostProcessorChecker - Bean 'mybatis-flex-com.mybatisflex.spring.boot.MybatisFlexProperties' of type [com.mybatisflex.spring.boot.MybatisFlexProperties] is not eligible for getting processed by all BeanPostProcessors (for example: not eligible for auto-proxying)
2024-04-24 08:23:09 [main] INFO  o.s.c.s.PostProcessorRegistrationDelegate$BeanPostProcessorChecker - Bean 'com.mybatisflex.spring.boot.MultiDataSourceAutoConfiguration' of type [com.mybatisflex.spring.boot.MultiDataSourceAutoConfiguration] is not eligible for getting processed by all BeanPostProcessors (for example: not eligible for auto-proxying)
2024-04-24 08:23:10 [main] INFO  o.s.b.w.e.tomcat.TomcatWebServer - Tomcat initialized with port(s): 8081 (http)
2024-04-24 08:23:10 [main] INFO  o.a.coyote.http11.Http11NioProtocol - Initializing ProtocolHandler ["http-nio-8081"]
2024-04-24 08:23:10 [main] INFO  o.a.catalina.core.StandardService - Starting service [Tomcat]
2024-04-24 08:23:10 [main] INFO  o.a.catalina.core.StandardEngine - Starting Servlet engine: [Apache Tomcat/9.0.83]
2024-04-24 08:23:10 [main] INFO  o.a.c.c.C.[Tomcat].[localhost].[/] - Initializing Spring embedded WebApplicationContext
2024-04-24 08:23:10 [main] INFO  o.s.b.w.s.c.ServletWebServerApplicationContext - Root WebApplicationContext: initialization completed in 1808 ms
2024-04-24 08:23:13 [main] INFO  o.a.coyote.http11.Http11NioProtocol - Starting ProtocolHandler ["http-nio-8081"]
2024-04-24 08:23:13 [main] INFO  o.s.b.w.e.tomcat.TomcatWebServer - Tomcat started on port(s): 8081 (http) with context path ''
2024-04-24 08:23:13 [main] INFO  c.g.p.m.PatchManagerApplication - Started PatchManagerApplication in 6.001 seconds (JVM running for 6.774)
